# JRE version: Java(TM) SE Runtime Environment (8.0_131-b11) (build 1.8.0_131-b11)
# Java VM: Java HotSpot(TM) 64-Bit Server VM (25.131-b11 mixed mode windows-amd64 compressed oops)
Heap:
 PSYoungGen      total 136192K, used 92239K [0x00000000eab00000, 0x00000000f6d00000, 0x0000000100000000)
  eden space 123392K, 64% used [0x00000000eab00000,0x00000000ef897fb0,0x00000000f2380000)
  from space 12800K, 99% used [0x00000000f2380000,0x00000000f2ffc040,0x00000000f3000000)
  to   space 16384K, 0% used [0x00000000f5d00000,0x00000000f5d00000,0x00000000f6d00000)
 ParOldGen       total 71680K, used 19537K [0x00000000c0000000, 0x00000000c4600000, 0x00000000eab00000)
  object space 71680K, 27% used [0x00000000c0000000,0x00000000c1314608,0x00000000c4600000)
 Metaspace       used 45618K, capacity 46560K, committed 46768K, reserved 1089536K
  class space    used 6433K, capacity 6726K, committed 6832K, reserved 1048576K
GC Heap History (10 events):
Event: 5.661 GC heap before
{Heap before GC invocations=5 (full 1):
 PSYoungGen      total 70656K, used 65536K [0x00000000eab00000, 0x00000000f3500000, 0x0000000100000000)
  eden space 65536K, 100% used [0x00000000eab00000,0x00000000eeb00000,0x00000000eeb00000)
  from space 5120K, 0% used [0x00000000eeb00000,0x00000000eeb00000,0x00000000ef000000)
  to   space 5120K, 0% used [0x00000000f3000000,0x00000000f3000000,0x00000000f3500000)
 ParOldGen       total 71680K, used 11447K [0x00000000c0000000, 0x00000000c4600000, 0x00000000eab00000)
  object space 71680K, 15% used [0x00000000c0000000,0x00000000c0b2df90,0x00000000c4600000)
 Metaspace       used 27472K, capacity 27810K, committed 28208K, reserved 1073152K
  class space    used 3881K, capacity 4018K, committed 4144K, reserved 1048576K
Event: 5.670 GC heap after
Heap after GC invocations=5 (full 1):
 PSYoungGen      total 94720K, used 5089K [0x00000000eab00000, 0x00000000f3500000, 0x0000000100000000)
  eden space 89600K, 0% used [0x00000000eab00000,0x00000000eab00000,0x00000000f0280000)
  from space 5120K, 99% used [0x00000000f3000000,0x00000000f34f8770,0x00000000f3500000)
  to   space 5120K, 0% used [0x00000000f2b00000,0x00000000f2b00000,0x00000000f3000000)
 ParOldGen       total 71680K, used 12972K [0x00000000c0000000, 0x00000000c4600000, 0x00000000eab00000)
  object space 71680K, 18% used [0x00000000c0000000,0x00000000c0cab178,0x00000000c4600000)
 Metaspace       used 27472K, capacity 27810K, committed 28208K, reserved 1073152K
  class space    used 3881K, capacity 4018K, committed 4144K, reserved 1048576K
}
Event: 7.453 GC heap before
{Heap before GC invocations=6 (full 1):
 PSYoungGen      total 94720K, used 94689K [0x00000000eab00000, 0x00000000f3500000, 0x0000000100000000)
  eden space 89600K, 100% used [0x00000000eab00000,0x00000000f0280000,0x00000000f0280000)
  from space 5120K, 99% used [0x00000000f3000000,0x00000000f34f8770,0x00000000f3500000)
  to   space 5120K, 0% used [0x00000000f2b00000,0x00000000f2b00000,0x00000000f3000000)
 ParOldGen       total 71680K, used 12972K [0x00000000c0000000, 0x00000000c4600000, 0x00000000eab00000)
  object space 71680K, 18% used [0x00000000c0000000,0x00000000c0cab178,0x00000000c4600000)
 Metaspace       used 33591K, capacity 34024K, committed 34352K, reserved 1079296K
  class space    used 4688K, capacity 4861K, committed 4912K, reserved 1048576K
Event: 7.469 GC heap after
Heap after GC invocations=6 (full 1):
 PSYoungGen      total 126976K, used 5120K [0x00000000eab00000, 0x00000000f3c00000, 0x0000000100000000)
  eden space 121856K, 0% used [0x00000000eab00000,0x00000000eab00000,0x00000000f2200000)
  from space 5120K, 100% used [0x00000000f2b00000,0x00000000f3000000,0x00000000f3000000)
  to   space 12288K, 0% used [0x00000000f3000000,0x00000000f3000000,0x00000000f3c00000)
 ParOldGen       total 71680K, used 18500K [0x00000000c0000000, 0x00000000c4600000, 0x00000000eab00000)
  object space 71680K, 25% used [0x00000000c0000000,0x00000000c12110d0,0x00000000c4600000)
 Metaspace       used 33591K, capacity 34024K, committed 34352K, reserved 1079296K
  class space    used 4688K, capacity 4861K, committed 4912K, reserved 1048576K
}
Event: 8.037 GC heap before
{Heap before GC invocations=7 (full 1):
 PSYoungGen      total 126976K, used 29489K [0x00000000eab00000, 0x00000000f3c00000, 0x0000000100000000)
  eden space 121856K, 19% used [0x00000000eab00000,0x00000000ec2cc598,0x00000000f2200000)
  from space 5120K, 100% used [0x00000000f2b00000,0x00000000f3000000,0x00000000f3000000)
  to   space 12288K, 0% used [0x00000000f3000000,0x00000000f3000000,0x00000000f3c00000)
 ParOldGen       total 71680K, used 18500K [0x00000000c0000000, 0x00000000c4600000, 0x00000000eab00000)
  object space 71680K, 25% used [0x00000000c0000000,0x00000000c12110d0,0x00000000c4600000)
 Metaspace       used 34877K, capacity 35252K, committed 35496K, reserved 1079296K
  class space    used 4911K, capacity 5056K, committed 5168K, reserved 1048576K
Event: 8.046 GC heap after
Heap after GC invocations=7 (full 1):
 PSYoungGen      total 135680K, used 7140K [0x00000000eab00000, 0x00000000f6a80000, 0x0000000100000000)
  eden space 123392K, 0% used [0x00000000eab00000,0x00000000eab00000,0x00000000f2380000)
  from space 12288K, 58% used [0x00000000f3000000,0x00000000f36f9150,0x00000000f3c00000)
  to   space 12800K, 0% used [0x00000000f2380000,0x00000000f2380000,0x00000000f3000000)
 ParOldGen       total 71680K, used 18508K [0x00000000c0000000, 0x00000000c4600000, 0x00000000eab00000)
  object space 71680K, 25% used [0x00000000c0000000,0x00000000c12130d0,0x00000000c4600000)
 Metaspace       used 34877K, capacity 35252K, committed 35496K, reserved 1079296K
  class space    used 4911K, capacity 5056K, committed 5168K, reserved 1048576K
}
Event: 8.046 GC heap before
{Heap before GC invocations=8 (full 2):
 PSYoungGen      total 135680K, used 7140K [0x00000000eab00000, 0x00000000f6a80000, 0x0000000100000000)
  eden space 123392K, 0% used [0x00000000eab00000,0x00000000eab00000,0x00000000f2380000)
  from space 12288K, 58% used [0x00000000f3000000,0x00000000f36f9150,0x00000000f3c00000)
  to   space 12800K, 0% used [0x00000000f2380000,0x00000000f2380000,0x00000000f3000000)
 ParOldGen       total 71680K, used 18508K [0x00000000c0000000, 0x00000000c4600000, 0x00000000eab00000)
  object space 71680K, 25% used [0x00000000c0000000,0x00000000c12130d0,0x00000000c4600000)
 Metaspace       used 34877K, capacity 35252K, committed 35496K, reserved 1079296K
  class space    used 4911K, capacity 5056K, committed 5168K, reserved 1048576K
Event: 8.157 GC heap after
Heap after GC invocations=8 (full 2):
 PSYoungGen      total 135680K, used 0K [0x00000000eab00000, 0x00000000f6a80000, 0x0000000100000000)
  eden space 123392K, 0% used [0x00000000eab00000,0x00000000eab00000,0x00000000f2380000)
  from space 12288K, 0% used [0x00000000f3000000,0x00000000f3000000,0x00000000f3c00000)
  to   space 12800K, 0% used [0x00000000f2380000,0x00000000f2380000,0x00000000f3000000)
 ParOldGen       total 71680K, used 15730K [0x00000000c0000000, 0x00000000c4600000, 0x00000000eab00000)
  object space 71680K, 21% used [0x00000000c0000000,0x00000000c0f5ca10,0x00000000c4600000)
 Metaspace       used 34877K, capacity 35252K, committed 35496K, reserved 1079296K
  class space    used 4911K, capacity 5056K, committed 5168K, reserved 1048576K
}
Event: 10.330 GC heap before
{Heap before GC invocations=9 (full 2):
 PSYoungGen      total 135680K, used 123392K [0x00000000eab00000, 0x00000000f6a80000, 0x0000000100000000)
  eden space 123392K, 100% used [0x00000000eab00000,0x00000000f2380000,0x00000000f2380000)
  from space 12288K, 0% used [0x00000000f3000000,0x00000000f3000000,0x00000000f3c00000)
  to   space 12800K, 0% used [0x00000000f2380000,0x00000000f2380000,0x00000000f3000000)
 ParOldGen       total 71680K, used 15730K [0x00000000c0000000, 0x00000000c4600000, 0x00000000eab00000)
  object space 71680K, 21% used [0x00000000c0000000,0x00000000c0f5ca10,0x00000000c4600000)
 Metaspace       used 39499K, capacity 40228K, committed 40368K, reserved 1083392K
  class space    used 5533K, capacity 5798K, committed 5808K, reserved 1048576K
Event: 10.359 GC heap after
Heap after GC invocations=9 (full 2):
 PSYoungGen      total 136192K, used 12784K [0x00000000eab00000, 0x00000000f6d00000, 0x0000000100000000)
  eden space 123392K, 0% used [0x00000000eab00000,0x00000000eab00000,0x00000000f2380000)
  from space 12800K, 99% used [0x00000000f2380000,0x00000000f2ffc040,0x00000000f3000000)
  to   space 16384K, 0% used [0x00000000f5d00000,0x00000000f5d00000,0x00000000f6d00000)
 ParOldGen       total 71680K, used 19537K [0x00000000c0000000, 0x00000000c4600000, 0x00000000eab00000)
  object space 71680K, 27% used [0x00000000c0000000,0x00000000c1314608,0x00000000c4600000)
 Metaspace       used 39499K, capacity 40228K, committed 40368K, reserved 1083392K
  class space    used 5533K, capacity 5798K, committed 5808K, reserved 1048576K
}

