# JRE version: Java(TM) SE Runtime Environment (8.0_131-b11) (build 1.8.0_131-b11)
# Java VM: Java HotSpot(TM) 64-Bit Server VM (25.131-b11 mixed mode windows-amd64 compressed oops)
Heap:
 PSYoungGen      total 198144K, used 126173K [0x00000000d6100000, 0x00000000e9580000, 0x0000000100000000)
  eden space 178688K, 59% used [0x00000000d6100000,0x00000000dc9529b8,0x00000000e0f80000)
  from space 19456K, 99% used [0x00000000e8280000,0x00000000e9564e00,0x00000000e9580000)
  to   space 33280K, 0% used [0x00000000e5480000,0x00000000e5480000,0x00000000e7500000)
 ParOldGen       total 123392K, used 41853K [0x0000000082200000, 0x0000000089a80000, 0x00000000d6100000)
  object space 123392K, 33% used [0x0000000082200000,0x0000000084adf4e0,0x0000000089a80000)
 Metaspace       used 29562K, capacity 30408K, committed 30592K, reserved 1075200K
  class space    used 3625K, capacity 3882K, committed 3968K, reserved 1048576K
GC Heap History (10 events):
Event: 3.630 GC heap before
{Heap before GC invocations=3 (full 0):
 PSYoungGen      total 70656K, used 70644K [0x00000000d6100000, 0x00000000dab00000, 0x0000000100000000)
  eden space 65536K, 100% used [0x00000000d6100000,0x00000000da100000,0x00000000da100000)
  from space 5120K, 99% used [0x00000000da600000,0x00000000daafd0b0,0x00000000dab00000)
  to   space 5120K, 0% used [0x00000000da100000,0x00000000da100000,0x00000000da600000)
 ParOldGen       total 86016K, used 4278K [0x0000000082200000, 0x0000000087600000, 0x00000000d6100000)
  object space 86016K, 4% used [0x0000000082200000,0x000000008262d908,0x0000000087600000)
 Metaspace       used 18342K, capacity 18860K, committed 19072K, reserved 1067008K
  class space    used 2170K, capacity 2326K, committed 2432K, reserved 1048576K
Event: 3.665 GC heap after
Heap after GC invocations=3 (full 0):
 PSYoungGen      total 70656K, used 5104K [0x00000000d6100000, 0x00000000deb00000, 0x0000000100000000)
  eden space 65536K, 0% used [0x00000000d6100000,0x00000000d6100000,0x00000000da100000)
  from space 5120K, 99% used [0x00000000da100000,0x00000000da5fc010,0x00000000da600000)
  to   space 5120K, 0% used [0x00000000de600000,0x00000000de600000,0x00000000deb00000)
 ParOldGen       total 86016K, used 16340K [0x0000000082200000, 0x0000000087600000, 0x00000000d6100000)
  object space 86016K, 18% used [0x0000000082200000,0x00000000831f5060,0x0000000087600000)
 Metaspace       used 18342K, capacity 18860K, committed 19072K, reserved 1067008K
  class space    used 2170K, capacity 2326K, committed 2432K, reserved 1048576K
}
Event: 4.581 GC heap before
{Heap before GC invocations=4 (full 0):
 PSYoungGen      total 70656K, used 70640K [0x00000000d6100000, 0x00000000deb00000, 0x0000000100000000)
  eden space 65536K, 100% used [0x00000000d6100000,0x00000000da100000,0x00000000da100000)
  from space 5120K, 99% used [0x00000000da100000,0x00000000da5fc010,0x00000000da600000)
  to   space 5120K, 0% used [0x00000000de600000,0x00000000de600000,0x00000000deb00000)
 ParOldGen       total 86016K, used 16340K [0x0000000082200000, 0x0000000087600000, 0x00000000d6100000)
  object space 86016K, 18% used [0x0000000082200000,0x00000000831f5270,0x0000000087600000)
 Metaspace       used 19207K, capacity 19776K, committed 19840K, reserved 1067008K
  class space    used 2245K, capacity 2394K, committed 2432K, reserved 1048576K
Event: 4.629 GC heap after
Heap after GC invocations=4 (full 0):
 PSYoungGen      total 136192K, used 5088K [0x00000000d6100000, 0x00000000deb00000, 0x0000000100000000)
  eden space 131072K, 0% used [0x00000000d6100000,0x00000000d6100000,0x00000000de100000)
  from space 5120K, 99% used [0x00000000de600000,0x00000000deaf8040,0x00000000deb00000)
  to   space 5120K, 0% used [0x00000000de100000,0x00000000de100000,0x00000000de600000)
 ParOldGen       total 86016K, used 31105K [0x0000000082200000, 0x0000000087600000, 0x00000000d6100000)
  object space 86016K, 36% used [0x0000000082200000,0x0000000084060568,0x0000000087600000)
 Metaspace       used 19207K, capacity 19776K, committed 19840K, reserved 1067008K
  class space    used 2245K, capacity 2394K, committed 2432K, reserved 1048576K
}
Event: 6.046 GC heap before
{Heap before GC invocations=5 (full 0):
 PSYoungGen      total 136192K, used 115068K [0x00000000d6100000, 0x00000000deb00000, 0x0000000100000000)
  eden space 131072K, 83% used [0x00000000d6100000,0x00000000dcc67268,0x00000000de100000)
  from space 5120K, 99% used [0x00000000de600000,0x00000000deaf8040,0x00000000deb00000)
  to   space 5120K, 0% used [0x00000000de100000,0x00000000de100000,0x00000000de600000)
 ParOldGen       total 86016K, used 31105K [0x0000000082200000, 0x0000000087600000, 0x00000000d6100000)
  object space 86016K, 36% used [0x0000000082200000,0x0000000084060568,0x0000000087600000)
 Metaspace       used 20604K, capacity 21156K, committed 21296K, reserved 1069056K
  class space    used 2447K, capacity 2622K, committed 2688K, reserved 1048576K
Event: 6.131 GC heap after
Heap after GC invocations=5 (full 0):
 PSYoungGen      total 136192K, used 5104K [0x00000000d6100000, 0x00000000ea400000, 0x0000000100000000)
  eden space 131072K, 0% used [0x00000000d6100000,0x00000000d6100000,0x00000000de100000)
  from space 5120K, 99% used [0x00000000de100000,0x00000000de5fc050,0x00000000de600000)
  to   space 34304K, 0% used [0x00000000e8280000,0x00000000e8280000,0x00000000ea400000)
 ParOldGen       total 86016K, used 57620K [0x0000000082200000, 0x0000000087600000, 0x00000000d6100000)
  object space 86016K, 66% used [0x0000000082200000,0x0000000085a452a8,0x0000000087600000)
 Metaspace       used 20604K, capacity 21156K, committed 21296K, reserved 1069056K
  class space    used 2447K, capacity 2622K, committed 2688K, reserved 1048576K
}
Event: 6.131 GC heap before
{Heap before GC invocations=6 (full 1):
 PSYoungGen      total 136192K, used 5104K [0x00000000d6100000, 0x00000000ea400000, 0x0000000100000000)
  eden space 131072K, 0% used [0x00000000d6100000,0x00000000d6100000,0x00000000de100000)
  from space 5120K, 99% used [0x00000000de100000,0x00000000de5fc050,0x00000000de600000)
  to   space 34304K, 0% used [0x00000000e8280000,0x00000000e8280000,0x00000000ea400000)
 ParOldGen       total 86016K, used 57620K [0x0000000082200000, 0x0000000087600000, 0x00000000d6100000)
  object space 86016K, 66% used [0x0000000082200000,0x0000000085a452a8,0x0000000087600000)
 Metaspace       used 20604K, capacity 21156K, committed 21296K, reserved 1069056K
  class space    used 2447K, capacity 2622K, committed 2688K, reserved 1048576K
Event: 6.413 GC heap after
Heap after GC invocations=6 (full 1):
 PSYoungGen      total 136192K, used 0K [0x00000000d6100000, 0x00000000ea400000, 0x0000000100000000)
  eden space 131072K, 0% used [0x00000000d6100000,0x00000000d6100000,0x00000000de100000)
  from space 5120K, 0% used [0x00000000de100000,0x00000000de100000,0x00000000de600000)
  to   space 34304K, 0% used [0x00000000e8280000,0x00000000e8280000,0x00000000ea400000)
 ParOldGen       total 123392K, used 41836K [0x0000000082200000, 0x0000000089a80000, 0x00000000d6100000)
  object space 123392K, 33% used [0x0000000082200000,0x0000000084adb1b0,0x0000000089a80000)
 Metaspace       used 20604K, capacity 21156K, committed 21296K, reserved 1069056K
  class space    used 2447K, capacity 2622K, committed 2688K, reserved 1048576K
}
Event: 14.953 GC heap before
{Heap before GC invocations=7 (full 1):
 PSYoungGen      total 136192K, used 131072K [0x00000000d6100000, 0x00000000ea400000, 0x0000000100000000)
  eden space 131072K, 100% used [0x00000000d6100000,0x00000000de100000,0x00000000de100000)
  from space 5120K, 0% used [0x00000000de100000,0x00000000de100000,0x00000000de600000)
  to   space 34304K, 0% used [0x00000000e8280000,0x00000000e8280000,0x00000000ea400000)
 ParOldGen       total 123392K, used 41845K [0x0000000082200000, 0x0000000089a80000, 0x00000000d6100000)
  object space 123392K, 33% used [0x0000000082200000,0x0000000084add4e0,0x0000000089a80000)
 Metaspace       used 29557K, capacity 30408K, committed 30592K, reserved 1075200K
  class space    used 3625K, capacity 3882K, committed 3968K, reserved 1048576K
Event: 14.996 GC heap after
Heap after GC invocations=7 (full 1):
 PSYoungGen      total 198144K, used 19347K [0x00000000d6100000, 0x00000000e9580000, 0x0000000100000000)
  eden space 178688K, 0% used [0x00000000d6100000,0x00000000d6100000,0x00000000e0f80000)
  from space 19456K, 99% used [0x00000000e8280000,0x00000000e9564e00,0x00000000e9580000)
  to   space 33280K, 0% used [0x00000000e5480000,0x00000000e5480000,0x00000000e7500000)
 ParOldGen       total 123392K, used 41853K [0x0000000082200000, 0x0000000089a80000, 0x00000000d6100000)
  object space 123392K, 33% used [0x0000000082200000,0x0000000084adf4e0,0x0000000089a80000)
 Metaspace       used 29557K, capacity 30408K, committed 30592K, reserved 1075200K
  class space    used 3625K, capacity 3882K, committed 3968K, reserved 1048576K
}

