# JRE version: Java(TM) SE Runtime Environment (8.0_131-b11) (build 1.8.0_131-b11)
# Java VM: Java HotSpot(TM) 64-Bit Server VM (25.131-b11 mixed mode windows-amd64 compressed oops)
Heap:
 PSYoungGen      total 108032K, used 23392K [0x00000000eab00000, 0x00000000f2380000, 0x0000000100000000)
  eden space 97280K, 13% used [0x00000000eab00000,0x00000000eb79ab78,0x00000000f0a00000)
  from space 10752K, 97% used [0x00000000f1900000,0x00000000f233d530,0x00000000f2380000)
  to   space 12800K, 0% used [0x00000000f0a80000,0x00000000f0a80000,0x00000000f1700000)
 ParOldGen       total 95232K, used 14979K [0x00000000c0000000, 0x00000000c5d00000, 0x00000000eab00000)
  object space 95232K, 15% used [0x00000000c0000000,0x00000000c0ea0c60,0x00000000c5d00000)
 Metaspace       used 38861K, capacity 39580K, committed 39856K, reserved 1083392K
  class space    used 5442K, capacity 5716K, committed 5808K, reserved 1048576K
GC Heap History (10 events):
Event: 8.666 GC heap before
{Heap before GC invocations=8 (full 1):
 PSYoungGen      total 59904K, used 54008K [0x00000000eab00000, 0x00000000ef100000, 0x0000000100000000)
  eden space 50176K, 100% used [0x00000000eab00000,0x00000000edc00000,0x00000000edc00000)
  from space 9728K, 39% used [0x00000000ee780000,0x00000000eeb3e158,0x00000000ef100000)
  to   space 10752K, 0% used [0x00000000edc00000,0x00000000edc00000,0x00000000ee680000)
 ParOldGen       total 64000K, used 8303K [0x00000000c0000000, 0x00000000c3e80000, 0x00000000eab00000)
  object space 64000K, 12% used [0x00000000c0000000,0x00000000c081bce0,0x00000000c3e80000)
 Metaspace       used 29670K, capacity 30062K, committed 30256K, reserved 1075200K
  class space    used 4194K, capacity 4318K, committed 4400K, reserved 1048576K
Event: 8.684 GC heap after
Heap after GC invocations=8 (full 1):
 PSYoungGen      total 60928K, used 5210K [0x00000000eab00000, 0x00000000f0980000, 0x0000000100000000)
  eden space 50176K, 0% used [0x00000000eab00000,0x00000000eab00000,0x00000000edc00000)
  from space 10752K, 48% used [0x00000000edc00000,0x00000000ee116a28,0x00000000ee680000)
  to   space 10240K, 0% used [0x00000000eff80000,0x00000000eff80000,0x00000000f0980000)
 ParOldGen       total 64000K, used 8303K [0x00000000c0000000, 0x00000000c3e80000, 0x00000000eab00000)
  object space 64000K, 12% used [0x00000000c0000000,0x00000000c081bce0,0x00000000c3e80000)
 Metaspace       used 29670K, capacity 30062K, committed 30256K, reserved 1075200K
  class space    used 4194K, capacity 4318K, committed 4400K, reserved 1048576K
}
Event: 10.184 GC heap before
{Heap before GC invocations=9 (full 1):
 PSYoungGen      total 60928K, used 55386K [0x00000000eab00000, 0x00000000f0980000, 0x0000000100000000)
  eden space 50176K, 100% used [0x00000000eab00000,0x00000000edc00000,0x00000000edc00000)
  from space 10752K, 48% used [0x00000000edc00000,0x00000000ee116a28,0x00000000ee680000)
  to   space 10240K, 0% used [0x00000000eff80000,0x00000000eff80000,0x00000000f0980000)
 ParOldGen       total 64000K, used 8303K [0x00000000c0000000, 0x00000000c3e80000, 0x00000000eab00000)
  object space 64000K, 12% used [0x00000000c0000000,0x00000000c081bce0,0x00000000c3e80000)
 Metaspace       used 34310K, capacity 34740K, committed 34992K, reserved 1079296K
  class space    used 4821K, capacity 4992K, committed 5040K, reserved 1048576K
Event: 10.201 GC heap after
Heap after GC invocations=9 (full 1):
 PSYoungGen      total 84992K, used 10221K [0x00000000eab00000, 0x00000000f0c00000, 0x0000000100000000)
  eden space 74752K, 0% used [0x00000000eab00000,0x00000000eab00000,0x00000000ef400000)
  from space 10240K, 99% used [0x00000000eff80000,0x00000000f097b750,0x00000000f0980000)
  to   space 11776K, 0% used [0x00000000ef400000,0x00000000ef400000,0x00000000eff80000)
 ParOldGen       total 64000K, used 8392K [0x00000000c0000000, 0x00000000c3e80000, 0x00000000eab00000)
  object space 64000K, 13% used [0x00000000c0000000,0x00000000c08321d0,0x00000000c3e80000)
 Metaspace       used 34310K, capacity 34740K, committed 34992K, reserved 1079296K
  class space    used 4821K, capacity 4992K, committed 5040K, reserved 1048576K
}
Event: 10.640 GC heap before
{Heap before GC invocations=10 (full 1):
 PSYoungGen      total 84992K, used 20137K [0x00000000eab00000, 0x00000000f0c00000, 0x0000000100000000)
  eden space 74752K, 13% used [0x00000000eab00000,0x00000000eb4aef50,0x00000000ef400000)
  from space 10240K, 99% used [0x00000000eff80000,0x00000000f097b750,0x00000000f0980000)
  to   space 11776K, 0% used [0x00000000ef400000,0x00000000ef400000,0x00000000eff80000)
 ParOldGen       total 64000K, used 8392K [0x00000000c0000000, 0x00000000c3e80000, 0x00000000eab00000)
  object space 64000K, 13% used [0x00000000c0000000,0x00000000c08321d0,0x00000000c3e80000)
 Metaspace       used 34874K, capacity 35252K, committed 35496K, reserved 1079296K
  class space    used 4905K, capacity 5056K, committed 5168K, reserved 1048576K
Event: 10.654 GC heap after
Heap after GC invocations=10 (full 1):
 PSYoungGen      total 86528K, used 7615K [0x00000000eab00000, 0x00000000f2480000, 0x0000000100000000)
  eden space 74752K, 0% used [0x00000000eab00000,0x00000000eab00000,0x00000000ef400000)
  from space 11776K, 64% used [0x00000000ef400000,0x00000000efb6fe40,0x00000000eff80000)
  to   space 11776K, 0% used [0x00000000f1900000,0x00000000f1900000,0x00000000f2480000)
 ParOldGen       total 64000K, used 9296K [0x00000000c0000000, 0x00000000c3e80000, 0x00000000eab00000)
  object space 64000K, 14% used [0x00000000c0000000,0x00000000c0914230,0x00000000c3e80000)
 Metaspace       used 34874K, capacity 35252K, committed 35496K, reserved 1079296K
  class space    used 4905K, capacity 5056K, committed 5168K, reserved 1048576K
}
Event: 10.654 GC heap before
{Heap before GC invocations=11 (full 2):
 PSYoungGen      total 86528K, used 7615K [0x00000000eab00000, 0x00000000f2480000, 0x0000000100000000)
  eden space 74752K, 0% used [0x00000000eab00000,0x00000000eab00000,0x00000000ef400000)
  from space 11776K, 64% used [0x00000000ef400000,0x00000000efb6fe40,0x00000000eff80000)
  to   space 11776K, 0% used [0x00000000f1900000,0x00000000f1900000,0x00000000f2480000)
 ParOldGen       total 64000K, used 9296K [0x00000000c0000000, 0x00000000c3e80000, 0x00000000eab00000)
  object space 64000K, 14% used [0x00000000c0000000,0x00000000c0914230,0x00000000c3e80000)
 Metaspace       used 34874K, capacity 35252K, committed 35496K, reserved 1079296K
  class space    used 4905K, capacity 5056K, committed 5168K, reserved 1048576K
Event: 10.777 GC heap after
Heap after GC invocations=11 (full 2):
 PSYoungGen      total 86528K, used 0K [0x00000000eab00000, 0x00000000f2480000, 0x0000000100000000)
  eden space 74752K, 0% used [0x00000000eab00000,0x00000000eab00000,0x00000000ef400000)
  from space 11776K, 0% used [0x00000000ef400000,0x00000000ef400000,0x00000000eff80000)
  to   space 11776K, 0% used [0x00000000f1900000,0x00000000f1900000,0x00000000f2480000)
 ParOldGen       total 95232K, used 14979K [0x00000000c0000000, 0x00000000c5d00000, 0x00000000eab00000)
  object space 95232K, 15% used [0x00000000c0000000,0x00000000c0ea0c60,0x00000000c5d00000)
 Metaspace       used 34874K, capacity 35252K, committed 35496K, reserved 1079296K
  class space    used 4905K, capacity 5056K, committed 5168K, reserved 1048576K
}
Event: 12.958 GC heap before
{Heap before GC invocations=12 (full 2):
 PSYoungGen      total 86528K, used 74752K [0x00000000eab00000, 0x00000000f2480000, 0x0000000100000000)
  eden space 74752K, 100% used [0x00000000eab00000,0x00000000ef400000,0x00000000ef400000)
  from space 11776K, 0% used [0x00000000ef400000,0x00000000ef400000,0x00000000eff80000)
  to   space 11776K, 0% used [0x00000000f1900000,0x00000000f1900000,0x00000000f2480000)
 ParOldGen       total 95232K, used 14979K [0x00000000c0000000, 0x00000000c5d00000, 0x00000000eab00000)
  object space 95232K, 15% used [0x00000000c0000000,0x00000000c0ea0c60,0x00000000c5d00000)
 Metaspace       used 37506K, capacity 38156K, committed 38320K, reserved 1081344K
  class space    used 5273K, capacity 5499K, committed 5552K, reserved 1048576K
Event: 12.992 GC heap after
Heap after GC invocations=12 (full 2):
 PSYoungGen      total 108032K, used 10485K [0x00000000eab00000, 0x00000000f2380000, 0x0000000100000000)
  eden space 97280K, 0% used [0x00000000eab00000,0x00000000eab00000,0x00000000f0a00000)
  from space 10752K, 97% used [0x00000000f1900000,0x00000000f233d530,0x00000000f2380000)
  to   space 12800K, 0% used [0x00000000f0a80000,0x00000000f0a80000,0x00000000f1700000)
 ParOldGen       total 95232K, used 14979K [0x00000000c0000000, 0x00000000c5d00000, 0x00000000eab00000)
  object space 95232K, 15% used [0x00000000c0000000,0x00000000c0ea0c60,0x00000000c5d00000)
 Metaspace       used 37506K, capacity 38156K, committed 38320K, reserved 1081344K
  class space    used 5273K, capacity 5499K, committed 5552K, reserved 1048576K
}

