# JRE version: Java(TM) SE Runtime Environment (8.0_131-b11) (build 1.8.0_131-b11)
# Java VM: Java HotSpot(TM) 64-Bit Server VM (25.131-b11 mixed mode windows-amd64 compressed oops)
Heap:
 PSYoungGen      total 128000K, used 47343K [0x00000000eab00000, 0x00000000f3880000, 0x0000000100000000)
  eden space 116736K, 30% used [0x00000000eab00000,0x00000000ece40380,0x00000000f1d00000)
  from space 11264K, 99% used [0x00000000f2980000,0x00000000f347b918,0x00000000f3480000)
  to   space 12800K, 0% used [0x00000000f1d00000,0x00000000f1d00000,0x00000000f2980000)
 ParOldGen       total 65536K, used 18289K [0x00000000c0000000, 0x00000000c4000000, 0x00000000eab00000)
  object space 65536K, 27% used [0x00000000c0000000,0x00000000c11dc5d8,0x00000000c4000000)
 Metaspace       used 39546K, capacity 40430K, committed 40624K, reserved 1083392K
  class space    used 5535K, capacity 5799K, committed 5808K, reserved 1048576K
GC Heap History (10 events):
Event: 5.081 GC heap before
{Heap before GC invocations=6 (full 1):
 PSYoungGen      total 70656K, used 65536K [0x00000000eab00000, 0x00000000ef500000, 0x0000000100000000)
  eden space 65536K, 100% used [0x00000000eab00000,0x00000000eeb00000,0x00000000eeb00000)
  from space 5120K, 0% used [0x00000000ef000000,0x00000000ef000000,0x00000000ef500000)
  to   space 5120K, 0% used [0x00000000eeb00000,0x00000000eeb00000,0x00000000ef000000)
 ParOldGen       total 65536K, used 8309K [0x00000000c0000000, 0x00000000c4000000, 0x00000000eab00000)
  object space 65536K, 12% used [0x00000000c0000000,0x00000000c081d638,0x00000000c4000000)
 Metaspace       used 27681K, capacity 28098K, committed 28464K, reserved 1073152K
  class space    used 3917K, capacity 4050K, committed 4144K, reserved 1048576K
Event: 5.097 GC heap after
Heap after GC invocations=6 (full 1):
 PSYoungGen      total 70656K, used 5089K [0x00000000eab00000, 0x00000000f1680000, 0x0000000100000000)
  eden space 65536K, 0% used [0x00000000eab00000,0x00000000eab00000,0x00000000eeb00000)
  from space 5120K, 99% used [0x00000000eeb00000,0x00000000eeff8490,0x00000000ef000000)
  to   space 9728K, 0% used [0x00000000f0d00000,0x00000000f0d00000,0x00000000f1680000)
 ParOldGen       total 65536K, used 9708K [0x00000000c0000000, 0x00000000c4000000, 0x00000000eab00000)
  object space 65536K, 14% used [0x00000000c0000000,0x00000000c097b250,0x00000000c4000000)
 Metaspace       used 27681K, capacity 28098K, committed 28464K, reserved 1073152K
  class space    used 3917K, capacity 4050K, committed 4144K, reserved 1048576K
}
Event: 7.050 GC heap before
{Heap before GC invocations=7 (full 1):
 PSYoungGen      total 70656K, used 70625K [0x00000000eab00000, 0x00000000f1680000, 0x0000000100000000)
  eden space 65536K, 100% used [0x00000000eab00000,0x00000000eeb00000,0x00000000eeb00000)
  from space 5120K, 99% used [0x00000000eeb00000,0x00000000eeff8490,0x00000000ef000000)
  to   space 9728K, 0% used [0x00000000f0d00000,0x00000000f0d00000,0x00000000f1680000)
 ParOldGen       total 65536K, used 9708K [0x00000000c0000000, 0x00000000c4000000, 0x00000000eab00000)
  object space 65536K, 14% used [0x00000000c0000000,0x00000000c097b250,0x00000000c4000000)
 Metaspace       used 30382K, capacity 30772K, committed 31152K, reserved 1075200K
  class space    used 4323K, capacity 4447K, committed 4528K, reserved 1048576K
Event: 7.069 GC heap after
Heap after GC invocations=7 (full 1):
 PSYoungGen      total 96256K, used 6182K [0x00000000eab00000, 0x00000000f1480000, 0x0000000100000000)
  eden space 88576K, 0% used [0x00000000eab00000,0x00000000eab00000,0x00000000f0180000)
  from space 7680K, 80% used [0x00000000f0d00000,0x00000000f13099f8,0x00000000f1480000)
  to   space 9728K, 0% used [0x00000000f0180000,0x00000000f0180000,0x00000000f0b00000)
 ParOldGen       total 65536K, used 9716K [0x00000000c0000000, 0x00000000c4000000, 0x00000000eab00000)
  object space 65536K, 14% used [0x00000000c0000000,0x00000000c097d250,0x00000000c4000000)
 Metaspace       used 30382K, capacity 30772K, committed 31152K, reserved 1075200K
  class space    used 4323K, capacity 4447K, committed 4528K, reserved 1048576K
}
Event: 8.618 GC heap before
{Heap before GC invocations=8 (full 1):
 PSYoungGen      total 96256K, used 50420K [0x00000000eab00000, 0x00000000f1480000, 0x0000000100000000)
  eden space 88576K, 49% used [0x00000000eab00000,0x00000000ed633850,0x00000000f0180000)
  from space 7680K, 80% used [0x00000000f0d00000,0x00000000f13099f8,0x00000000f1480000)
  to   space 9728K, 0% used [0x00000000f0180000,0x00000000f0180000,0x00000000f0b00000)
 ParOldGen       total 65536K, used 9716K [0x00000000c0000000, 0x00000000c4000000, 0x00000000eab00000)
  object space 65536K, 14% used [0x00000000c0000000,0x00000000c097d250,0x00000000c4000000)
 Metaspace       used 34813K, capacity 35252K, committed 35496K, reserved 1079296K
  class space    used 4899K, capacity 5056K, committed 5168K, reserved 1048576K
Event: 8.633 GC heap after
Heap after GC invocations=8 (full 1):
 PSYoungGen      total 98304K, used 9716K [0x00000000eab00000, 0x00000000f3480000, 0x0000000100000000)
  eden space 88576K, 0% used [0x00000000eab00000,0x00000000eab00000,0x00000000f0180000)
  from space 9728K, 99% used [0x00000000f0180000,0x00000000f0afd398,0x00000000f0b00000)
  to   space 11264K, 0% used [0x00000000f2980000,0x00000000f2980000,0x00000000f3480000)
 ParOldGen       total 65536K, used 10673K [0x00000000c0000000, 0x00000000c4000000, 0x00000000eab00000)
  object space 65536K, 16% used [0x00000000c0000000,0x00000000c0a6c7a8,0x00000000c4000000)
 Metaspace       used 34813K, capacity 35252K, committed 35496K, reserved 1079296K
  class space    used 4899K, capacity 5056K, committed 5168K, reserved 1048576K
}
Event: 8.633 GC heap before
{Heap before GC invocations=9 (full 2):
 PSYoungGen      total 98304K, used 9716K [0x00000000eab00000, 0x00000000f3480000, 0x0000000100000000)
  eden space 88576K, 0% used [0x00000000eab00000,0x00000000eab00000,0x00000000f0180000)
  from space 9728K, 99% used [0x00000000f0180000,0x00000000f0afd398,0x00000000f0b00000)
  to   space 11264K, 0% used [0x00000000f2980000,0x00000000f2980000,0x00000000f3480000)
 ParOldGen       total 65536K, used 10673K [0x00000000c0000000, 0x00000000c4000000, 0x00000000eab00000)
  object space 65536K, 16% used [0x00000000c0000000,0x00000000c0a6c7a8,0x00000000c4000000)
 Metaspace       used 34813K, capacity 35252K, committed 35496K, reserved 1079296K
  class space    used 4899K, capacity 5056K, committed 5168K, reserved 1048576K
Event: 8.750 GC heap after
Heap after GC invocations=9 (full 2):
 PSYoungGen      total 98304K, used 0K [0x00000000eab00000, 0x00000000f3480000, 0x0000000100000000)
  eden space 88576K, 0% used [0x00000000eab00000,0x00000000eab00000,0x00000000f0180000)
  from space 9728K, 0% used [0x00000000f0180000,0x00000000f0180000,0x00000000f0b00000)
  to   space 11264K, 0% used [0x00000000f2980000,0x00000000f2980000,0x00000000f3480000)
 ParOldGen       total 65536K, used 17071K [0x00000000c0000000, 0x00000000c4000000, 0x00000000eab00000)
  object space 65536K, 26% used [0x00000000c0000000,0x00000000c10abe80,0x00000000c4000000)
 Metaspace       used 34813K, capacity 35252K, committed 35496K, reserved 1079296K
  class space    used 4899K, capacity 5056K, committed 5168K, reserved 1048576K
}
Event: 10.565 GC heap before
{Heap before GC invocations=10 (full 2):
 PSYoungGen      total 98304K, used 88576K [0x00000000eab00000, 0x00000000f3480000, 0x0000000100000000)
  eden space 88576K, 100% used [0x00000000eab00000,0x00000000f0180000,0x00000000f0180000)
  from space 9728K, 0% used [0x00000000f0180000,0x00000000f0180000,0x00000000f0b00000)
  to   space 11264K, 0% used [0x00000000f2980000,0x00000000f2980000,0x00000000f3480000)
 ParOldGen       total 65536K, used 17071K [0x00000000c0000000, 0x00000000c4000000, 0x00000000eab00000)
  object space 65536K, 26% used [0x00000000c0000000,0x00000000c10abe80,0x00000000c4000000)
 Metaspace       used 38843K, capacity 39580K, committed 39856K, reserved 1083392K
  class space    used 5439K, capacity 5716K, committed 5808K, reserved 1048576K
Event: 10.589 GC heap after
Heap after GC invocations=10 (full 2):
 PSYoungGen      total 128000K, used 11246K [0x00000000eab00000, 0x00000000f3880000, 0x0000000100000000)
  eden space 116736K, 0% used [0x00000000eab00000,0x00000000eab00000,0x00000000f1d00000)
  from space 11264K, 99% used [0x00000000f2980000,0x00000000f347b918,0x00000000f3480000)
  to   space 12800K, 0% used [0x00000000f1d00000,0x00000000f1d00000,0x00000000f2980000)
 ParOldGen       total 65536K, used 18289K [0x00000000c0000000, 0x00000000c4000000, 0x00000000eab00000)
  object space 65536K, 27% used [0x00000000c0000000,0x00000000c11dc5d8,0x00000000c4000000)
 Metaspace       used 38843K, capacity 39580K, committed 39856K, reserved 1083392K
  class space    used 5439K, capacity 5716K, committed 5808K, reserved 1048576K
}

