# JRE version: Java(TM) SE Runtime Environment (8.0_131-b11) (build 1.8.0_131-b11)
# Java VM: Java HotSpot(TM) 64-Bit Server VM (25.131-b11 mixed mode windows-amd64 compressed oops)
Heap:
 PSYoungGen      total 112128K, used 38732K [0x00000000eab00000, 0x00000000f2200000, 0x0000000100000000)
  eden space 102400K, 37% used [0x00000000eab00000,0x00000000ed0d33d0,0x00000000f0f00000)
  from space 9728K, 0% used [0x00000000f0f00000,0x00000000f0f00000,0x00000000f1880000)
  to   space 8192K, 0% used [0x00000000f1a00000,0x00000000f1a00000,0x00000000f2200000)
 ParOldGen       total 59392K, used 17041K [0x00000000c0000000, 0x00000000c3a00000, 0x00000000eab00000)
  object space 59392K, 28% used [0x00000000c0000000,0x00000000c10a46b0,0x00000000c3a00000)
 Metaspace       used 36356K, capacity 36892K, committed 37040K, reserved 1081344K
  class space    used 5101K, capacity 5286K, committed 5296K, reserved 1048576K
GC Heap History (10 events):
Event: 3.943 GC heap before
{Heap before GC invocations=5 (full 1):
 PSYoungGen      total 70656K, used 5094K [0x00000000eab00000, 0x00000000ef500000, 0x0000000100000000)
  eden space 65536K, 0% used [0x00000000eab00000,0x00000000eab00000,0x00000000eeb00000)
  from space 5120K, 99% used [0x00000000ef000000,0x00000000ef4f9af8,0x00000000ef500000)
  to   space 5120K, 0% used [0x00000000eeb00000,0x00000000eeb00000,0x00000000ef000000)
 ParOldGen       total 86016K, used 7914K [0x00000000c0000000, 0x00000000c5400000, 0x00000000eab00000)
  object space 86016K, 9% used [0x00000000c0000000,0x00000000c07ba958,0x00000000c5400000)
 Metaspace       used 20858K, capacity 21198K, committed 21296K, reserved 1067008K
  class space    used 2936K, capacity 3078K, committed 3120K, reserved 1048576K
Event: 4.004 GC heap after
Heap after GC invocations=5 (full 1):
 PSYoungGen      total 70656K, used 0K [0x00000000eab00000, 0x00000000ef500000, 0x0000000100000000)
  eden space 65536K, 0% used [0x00000000eab00000,0x00000000eab00000,0x00000000eeb00000)
  from space 5120K, 0% used [0x00000000ef000000,0x00000000ef000000,0x00000000ef500000)
  to   space 5120K, 0% used [0x00000000eeb00000,0x00000000eeb00000,0x00000000ef000000)
 ParOldGen       total 59392K, used 8309K [0x00000000c0000000, 0x00000000c3a00000, 0x00000000eab00000)
  object space 59392K, 13% used [0x00000000c0000000,0x00000000c081d6e0,0x00000000c3a00000)
 Metaspace       used 20858K, capacity 21198K, committed 21296K, reserved 1067008K
  class space    used 2936K, capacity 3078K, committed 3120K, reserved 1048576K
}
Event: 5.748 GC heap before
{Heap before GC invocations=6 (full 1):
 PSYoungGen      total 70656K, used 65536K [0x00000000eab00000, 0x00000000ef500000, 0x0000000100000000)
  eden space 65536K, 100% used [0x00000000eab00000,0x00000000eeb00000,0x00000000eeb00000)
  from space 5120K, 0% used [0x00000000ef000000,0x00000000ef000000,0x00000000ef500000)
  to   space 5120K, 0% used [0x00000000eeb00000,0x00000000eeb00000,0x00000000ef000000)
 ParOldGen       total 59392K, used 8309K [0x00000000c0000000, 0x00000000c3a00000, 0x00000000eab00000)
  object space 59392K, 13% used [0x00000000c0000000,0x00000000c081d6e0,0x00000000c3a00000)
 Metaspace       used 27620K, capacity 28034K, committed 28208K, reserved 1073152K
  class space    used 3908K, capacity 4050K, committed 4144K, reserved 1048576K
Event: 5.783 GC heap after
Heap after GC invocations=6 (full 1):
 PSYoungGen      total 70656K, used 5096K [0x00000000eab00000, 0x00000000f2380000, 0x0000000100000000)
  eden space 65536K, 0% used [0x00000000eab00000,0x00000000eab00000,0x00000000eeb00000)
  from space 5120K, 99% used [0x00000000eeb00000,0x00000000eeffa2c0,0x00000000ef000000)
  to   space 9728K, 0% used [0x00000000f1a00000,0x00000000f1a00000,0x00000000f2380000)
 ParOldGen       total 59392K, used 9680K [0x00000000c0000000, 0x00000000c3a00000, 0x00000000eab00000)
  object space 59392K, 16% used [0x00000000c0000000,0x00000000c0974230,0x00000000c3a00000)
 Metaspace       used 27620K, capacity 28034K, committed 28208K, reserved 1073152K
  class space    used 3908K, capacity 4050K, committed 4144K, reserved 1048576K
}
Event: 7.329 GC heap before
{Heap before GC invocations=7 (full 1):
 PSYoungGen      total 70656K, used 70632K [0x00000000eab00000, 0x00000000f2380000, 0x0000000100000000)
  eden space 65536K, 100% used [0x00000000eab00000,0x00000000eeb00000,0x00000000eeb00000)
  from space 5120K, 99% used [0x00000000eeb00000,0x00000000eeffa2c0,0x00000000ef000000)
  to   space 9728K, 0% used [0x00000000f1a00000,0x00000000f1a00000,0x00000000f2380000)
 ParOldGen       total 59392K, used 9680K [0x00000000c0000000, 0x00000000c3a00000, 0x00000000eab00000)
  object space 59392K, 16% used [0x00000000c0000000,0x00000000c0974230,0x00000000c3a00000)
 Metaspace       used 30382K, capacity 30772K, committed 31152K, reserved 1075200K
  class space    used 4325K, capacity 4447K, committed 4528K, reserved 1048576K
Event: 7.349 GC heap after
Heap after GC invocations=7 (full 1):
 PSYoungGen      total 110592K, used 6326K [0x00000000eab00000, 0x00000000f2200000, 0x0000000100000000)
  eden space 102400K, 0% used [0x00000000eab00000,0x00000000eab00000,0x00000000f0f00000)
  from space 8192K, 77% used [0x00000000f1a00000,0x00000000f202d9e8,0x00000000f2200000)
  to   space 9728K, 0% used [0x00000000f0f00000,0x00000000f0f00000,0x00000000f1880000)
 ParOldGen       total 59392K, used 9688K [0x00000000c0000000, 0x00000000c3a00000, 0x00000000eab00000)
  object space 59392K, 16% used [0x00000000c0000000,0x00000000c0976230,0x00000000c3a00000)
 Metaspace       used 30382K, capacity 30772K, committed 31152K, reserved 1075200K
  class space    used 4325K, capacity 4447K, committed 4528K, reserved 1048576K
}
Event: 8.670 GC heap before
{Heap before GC invocations=8 (full 1):
 PSYoungGen      total 110592K, used 51974K [0x00000000eab00000, 0x00000000f2200000, 0x0000000100000000)
  eden space 102400K, 44% used [0x00000000eab00000,0x00000000ed794030,0x00000000f0f00000)
  from space 8192K, 77% used [0x00000000f1a00000,0x00000000f202d9e8,0x00000000f2200000)
  to   space 9728K, 0% used [0x00000000f0f00000,0x00000000f0f00000,0x00000000f1880000)
 ParOldGen       total 59392K, used 9688K [0x00000000c0000000, 0x00000000c3a00000, 0x00000000eab00000)
  object space 59392K, 16% used [0x00000000c0000000,0x00000000c0976230,0x00000000c3a00000)
 Metaspace       used 34805K, capacity 35252K, committed 35496K, reserved 1079296K
  class space    used 4900K, capacity 5056K, committed 5168K, reserved 1048576K
Event: 8.689 GC heap after
Heap after GC invocations=8 (full 1):
 PSYoungGen      total 112128K, used 9712K [0x00000000eab00000, 0x00000000f2200000, 0x0000000100000000)
  eden space 102400K, 0% used [0x00000000eab00000,0x00000000eab00000,0x00000000f0f00000)
  from space 9728K, 99% used [0x00000000f0f00000,0x00000000f187c210,0x00000000f1880000)
  to   space 8192K, 0% used [0x00000000f1a00000,0x00000000f1a00000,0x00000000f2200000)
 ParOldGen       total 59392K, used 10554K [0x00000000c0000000, 0x00000000c3a00000, 0x00000000eab00000)
  object space 59392K, 17% used [0x00000000c0000000,0x00000000c0a4eac8,0x00000000c3a00000)
 Metaspace       used 34805K, capacity 35252K, committed 35496K, reserved 1079296K
  class space    used 4900K, capacity 5056K, committed 5168K, reserved 1048576K
}
Event: 8.689 GC heap before
{Heap before GC invocations=9 (full 2):
 PSYoungGen      total 112128K, used 9712K [0x00000000eab00000, 0x00000000f2200000, 0x0000000100000000)
  eden space 102400K, 0% used [0x00000000eab00000,0x00000000eab00000,0x00000000f0f00000)
  from space 9728K, 99% used [0x00000000f0f00000,0x00000000f187c210,0x00000000f1880000)
  to   space 8192K, 0% used [0x00000000f1a00000,0x00000000f1a00000,0x00000000f2200000)
 ParOldGen       total 59392K, used 10554K [0x00000000c0000000, 0x00000000c3a00000, 0x00000000eab00000)
  object space 59392K, 17% used [0x00000000c0000000,0x00000000c0a4eac8,0x00000000c3a00000)
 Metaspace       used 34805K, capacity 35252K, committed 35496K, reserved 1079296K
  class space    used 4900K, capacity 5056K, committed 5168K, reserved 1048576K
Event: 8.803 GC heap after
Heap after GC invocations=9 (full 2):
 PSYoungGen      total 112128K, used 0K [0x00000000eab00000, 0x00000000f2200000, 0x0000000100000000)
  eden space 102400K, 0% used [0x00000000eab00000,0x00000000eab00000,0x00000000f0f00000)
  from space 9728K, 0% used [0x00000000f0f00000,0x00000000f0f00000,0x00000000f1880000)
  to   space 8192K, 0% used [0x00000000f1a00000,0x00000000f1a00000,0x00000000f2200000)
 ParOldGen       total 59392K, used 17041K [0x00000000c0000000, 0x00000000c3a00000, 0x00000000eab00000)
  object space 59392K, 28% used [0x00000000c0000000,0x00000000c10a46b0,0x00000000c3a00000)
 Metaspace       used 34805K, capacity 35252K, committed 35496K, reserved 1079296K
  class space    used 4900K, capacity 5056K, committed 5168K, reserved 1048576K
}

