# JRE version: Java(TM) SE Runtime Environment (8.0_131-b11) (build 1.8.0_131-b11)
# Java VM: Java HotSpot(TM) 64-Bit Server VM (25.131-b11 mixed mode windows-amd64 compressed oops)
Heap:
 PSYoungGen      total 107008K, used 101018K [0x00000000d6100000, 0x00000000e4b00000, 0x0000000100000000)
  eden space 101888K, 94% used [0x00000000d6100000,0x00000000dbeaa868,0x00000000dc480000)
  from space 5120K, 99% used [0x00000000de600000,0x00000000deafc250,0x00000000deb00000)
  to   space 34304K, 0% used [0x00000000dc480000,0x00000000dc480000,0x00000000de600000)
 ParOldGen       total 144896K, used 73201K [0x0000000082200000, 0x000000008af80000, 0x00000000d6100000)
  object space 144896K, 50% used [0x0000000082200000,0x000000008697c630,0x000000008af80000)
 Metaspace       used 29553K, capacity 30408K, committed 30592K, reserved 1075200K
  class space    used 3626K, capacity 3882K, committed 3968K, reserved 1048576K
GC Heap History (10 events):
Event: 3.081 GC heap before
{Heap before GC invocations=3 (full 0):
 PSYoungGen      total 70656K, used 70648K [0x00000000d6100000, 0x00000000dab00000, 0x0000000100000000)
  eden space 65536K, 100% used [0x00000000d6100000,0x00000000da100000,0x00000000da100000)
  from space 5120K, 99% used [0x00000000da600000,0x00000000daafe0d0,0x00000000dab00000)
  to   space 5120K, 0% used [0x00000000da100000,0x00000000da100000,0x00000000da600000)
 ParOldGen       total 86016K, used 4237K [0x0000000082200000, 0x0000000087600000, 0x00000000d6100000)
  object space 86016K, 4% used [0x0000000082200000,0x00000000826237d8,0x0000000087600000)
 Metaspace       used 18329K, capacity 18860K, committed 19072K, reserved 1067008K
  class space    used 2170K, capacity 2326K, committed 2432K, reserved 1048576K
Event: 3.118 GC heap after
Heap after GC invocations=3 (full 0):
 PSYoungGen      total 70656K, used 5104K [0x00000000d6100000, 0x00000000deb00000, 0x0000000100000000)
  eden space 65536K, 0% used [0x00000000d6100000,0x00000000d6100000,0x00000000da100000)
  from space 5120K, 99% used [0x00000000da100000,0x00000000da5fc030,0x00000000da600000)
  to   space 5120K, 0% used [0x00000000de600000,0x00000000de600000,0x00000000deb00000)
 ParOldGen       total 86016K, used 16074K [0x0000000082200000, 0x0000000087600000, 0x00000000d6100000)
  object space 86016K, 18% used [0x0000000082200000,0x00000000831b2b30,0x0000000087600000)
 Metaspace       used 18329K, capacity 18860K, committed 19072K, reserved 1067008K
  class space    used 2170K, capacity 2326K, committed 2432K, reserved 1048576K
}
Event: 4.079 GC heap before
{Heap before GC invocations=4 (full 0):
 PSYoungGen      total 70656K, used 70640K [0x00000000d6100000, 0x00000000deb00000, 0x0000000100000000)
  eden space 65536K, 100% used [0x00000000d6100000,0x00000000da100000,0x00000000da100000)
  from space 5120K, 99% used [0x00000000da100000,0x00000000da5fc030,0x00000000da600000)
  to   space 5120K, 0% used [0x00000000de600000,0x00000000de600000,0x00000000deb00000)
 ParOldGen       total 86016K, used 16074K [0x0000000082200000, 0x0000000087600000, 0x00000000d6100000)
  object space 86016K, 18% used [0x0000000082200000,0x00000000831b2b30,0x0000000087600000)
 Metaspace       used 19187K, capacity 19712K, committed 19840K, reserved 1067008K
  class space    used 2245K, capacity 2394K, committed 2432K, reserved 1048576K
Event: 4.113 GC heap after
Heap after GC invocations=4 (full 0):
 PSYoungGen      total 136192K, used 5088K [0x00000000d6100000, 0x00000000deb00000, 0x0000000100000000)
  eden space 131072K, 0% used [0x00000000d6100000,0x00000000d6100000,0x00000000de100000)
  from space 5120K, 99% used [0x00000000de600000,0x00000000deaf8080,0x00000000deb00000)
  to   space 5120K, 0% used [0x00000000de100000,0x00000000de100000,0x00000000de600000)
 ParOldGen       total 86016K, used 30797K [0x0000000082200000, 0x0000000087600000, 0x00000000d6100000)
  object space 86016K, 35% used [0x0000000082200000,0x0000000084013528,0x0000000087600000)
 Metaspace       used 19187K, capacity 19712K, committed 19840K, reserved 1067008K
  class space    used 2245K, capacity 2394K, committed 2432K, reserved 1048576K
}
Event: 5.620 GC heap before
{Heap before GC invocations=5 (full 0):
 PSYoungGen      total 136192K, used 116662K [0x00000000d6100000, 0x00000000deb00000, 0x0000000100000000)
  eden space 131072K, 85% used [0x00000000d6100000,0x00000000dcdf5a98,0x00000000de100000)
  from space 5120K, 99% used [0x00000000de600000,0x00000000deaf8080,0x00000000deb00000)
  to   space 5120K, 0% used [0x00000000de100000,0x00000000de100000,0x00000000de600000)
 ParOldGen       total 86016K, used 30797K [0x0000000082200000, 0x0000000087600000, 0x00000000d6100000)
  object space 86016K, 35% used [0x0000000082200000,0x0000000084013528,0x0000000087600000)
 Metaspace       used 20592K, capacity 21156K, committed 21296K, reserved 1069056K
  class space    used 2449K, capacity 2622K, committed 2688K, reserved 1048576K
Event: 5.656 GC heap after
Heap after GC invocations=5 (full 0):
 PSYoungGen      total 136192K, used 5088K [0x00000000d6100000, 0x00000000deb00000, 0x0000000100000000)
  eden space 131072K, 0% used [0x00000000d6100000,0x00000000d6100000,0x00000000de100000)
  from space 5120K, 99% used [0x00000000de100000,0x00000000de5f8040,0x00000000de600000)
  to   space 5120K, 0% used [0x00000000de600000,0x00000000de600000,0x00000000deb00000)
 ParOldGen       total 86016K, used 60225K [0x0000000082200000, 0x0000000087600000, 0x00000000d6100000)
  object space 86016K, 70% used [0x0000000082200000,0x0000000085cd07c8,0x0000000087600000)
 Metaspace       used 20592K, capacity 21156K, committed 21296K, reserved 1069056K
  class space    used 2449K, capacity 2622K, committed 2688K, reserved 1048576K
}
Event: 5.656 GC heap before
{Heap before GC invocations=6 (full 1):
 PSYoungGen      total 136192K, used 5088K [0x00000000d6100000, 0x00000000deb00000, 0x0000000100000000)
  eden space 131072K, 0% used [0x00000000d6100000,0x00000000d6100000,0x00000000de100000)
  from space 5120K, 99% used [0x00000000de100000,0x00000000de5f8040,0x00000000de600000)
  to   space 5120K, 0% used [0x00000000de600000,0x00000000de600000,0x00000000deb00000)
 ParOldGen       total 86016K, used 60225K [0x0000000082200000, 0x0000000087600000, 0x00000000d6100000)
  object space 86016K, 70% used [0x0000000082200000,0x0000000085cd07c8,0x0000000087600000)
 Metaspace       used 20592K, capacity 21156K, committed 21296K, reserved 1069056K
  class space    used 2449K, capacity 2622K, committed 2688K, reserved 1048576K
Event: 5.900 GC heap after
Heap after GC invocations=6 (full 1):
 PSYoungGen      total 136192K, used 0K [0x00000000d6100000, 0x00000000deb00000, 0x0000000100000000)
  eden space 131072K, 0% used [0x00000000d6100000,0x00000000d6100000,0x00000000de100000)
  from space 5120K, 0% used [0x00000000de100000,0x00000000de100000,0x00000000de600000)
  to   space 5120K, 0% used [0x00000000de600000,0x00000000de600000,0x00000000deb00000)
 ParOldGen       total 144896K, used 59455K [0x0000000082200000, 0x000000008af80000, 0x00000000d6100000)
  object space 144896K, 41% used [0x0000000082200000,0x0000000085c0fda0,0x000000008af80000)
 Metaspace       used 20592K, capacity 21156K, committed 21296K, reserved 1069056K
  class space    used 2449K, capacity 2622K, committed 2688K, reserved 1048576K
}
Event: 14.796 GC heap before
{Heap before GC invocations=7 (full 1):
 PSYoungGen      total 136192K, used 131072K [0x00000000d6100000, 0x00000000deb00000, 0x0000000100000000)
  eden space 131072K, 100% used [0x00000000d6100000,0x00000000de100000,0x00000000de100000)
  from space 5120K, 0% used [0x00000000de100000,0x00000000de100000,0x00000000de600000)
  to   space 5120K, 0% used [0x00000000de600000,0x00000000de600000,0x00000000deb00000)
 ParOldGen       total 144896K, used 59455K [0x0000000082200000, 0x000000008af80000, 0x00000000d6100000)
  object space 144896K, 41% used [0x0000000082200000,0x0000000085c0fda0,0x000000008af80000)
 Metaspace       used 29548K, capacity 30408K, committed 30592K, reserved 1075200K
  class space    used 3625K, capacity 3882K, committed 3968K, reserved 1048576K
Event: 14.844 GC heap after
Heap after GC invocations=7 (full 1):
 PSYoungGen      total 107008K, used 5104K [0x00000000d6100000, 0x00000000e4b00000, 0x0000000100000000)
  eden space 101888K, 0% used [0x00000000d6100000,0x00000000d6100000,0x00000000dc480000)
  from space 5120K, 99% used [0x00000000de600000,0x00000000deafc250,0x00000000deb00000)
  to   space 34304K, 0% used [0x00000000dc480000,0x00000000dc480000,0x00000000de600000)
 ParOldGen       total 144896K, used 73201K [0x0000000082200000, 0x000000008af80000, 0x00000000d6100000)
  object space 144896K, 50% used [0x0000000082200000,0x000000008697c630,0x000000008af80000)
 Metaspace       used 29548K, capacity 30408K, committed 30592K, reserved 1075200K
  class space    used 3625K, capacity 3882K, committed 3968K, reserved 1048576K
}

