# JRE version: Java(TM) SE Runtime Environment (8.0_131-b11) (build 1.8.0_131-b11)
# Java VM: Java HotSpot(TM) 64-Bit Server VM (25.131-b11 mixed mode windows-amd64 compressed oops)
Heap:
 PSYoungGen      total 193024K, used 139286K [0x00000000d6100000, 0x00000000e7e80000, 0x0000000100000000)
  eden space 176640K, 78% used [0x00000000d6100000,0x00000000de905828,0x00000000e0d80000)
  from space 16384K, 0% used [0x00000000e6e80000,0x00000000e6e80000,0x00000000e7e80000)
  to   space 23552K, 0% used [0x00000000e5080000,0x00000000e5080000,0x00000000e6780000)
 ParOldGen       total 120320K, used 31708K [0x0000000082200000, 0x0000000089780000, 0x00000000d6100000)
  object space 120320K, 26% used [0x0000000082200000,0x00000000840f7150,0x0000000089780000)
 Metaspace       used 35645K, capacity 36462K, committed 36608K, reserved 1081344K
  class space    used 4318K, capacity 4555K, committed 4608K, reserved 1048576K
GC Heap History (10 events):
Event: 5.860 GC heap before
{Heap before GC invocations=6 (full 0):
 PSYoungGen      total 70656K, used 70640K [0x00000000d6100000, 0x00000000e0800000, 0x0000000100000000)
  eden space 65536K, 100% used [0x00000000d6100000,0x00000000da100000,0x00000000da100000)
  from space 5120K, 99% used [0x00000000da100000,0x00000000da5fc050,0x00000000da600000)
  to   space 19968K, 0% used [0x00000000df480000,0x00000000df480000,0x00000000e0800000)
 ParOldGen       total 86016K, used 30658K [0x0000000082200000, 0x0000000087600000, 0x00000000d6100000)
  object space 86016K, 35% used [0x0000000082200000,0x0000000083ff0868,0x0000000087600000)
 Metaspace       used 19227K, capacity 19776K, committed 19840K, reserved 1067008K
  class space    used 2245K, capacity 2394K, committed 2432K, reserved 1048576K
Event: 5.911 GC heap after
Heap after GC invocations=6 (full 0):
 PSYoungGen      total 146432K, used 19937K [0x00000000d6100000, 0x00000000e1100000, 0x0000000100000000)
  eden space 126464K, 0% used [0x00000000d6100000,0x00000000d6100000,0x00000000ddc80000)
  from space 19968K, 99% used [0x00000000df480000,0x00000000e07f8548,0x00000000e0800000)
  to   space 24576K, 0% used [0x00000000ddc80000,0x00000000ddc80000,0x00000000df480000)
 ParOldGen       total 86016K, used 33103K [0x0000000082200000, 0x0000000087600000, 0x00000000d6100000)
  object space 86016K, 38% used [0x0000000082200000,0x0000000084253dc0,0x0000000087600000)
 Metaspace       used 19227K, capacity 19776K, committed 19840K, reserved 1067008K
  class space    used 2245K, capacity 2394K, committed 2432K, reserved 1048576K
}
Event: 6.547 GC heap before
{Heap before GC invocations=7 (full 0):
 PSYoungGen      total 146432K, used 65344K [0x00000000d6100000, 0x00000000e1100000, 0x0000000100000000)
  eden space 126464K, 35% used [0x00000000d6100000,0x00000000d8d57c98,0x00000000ddc80000)
  from space 19968K, 99% used [0x00000000df480000,0x00000000e07f8548,0x00000000e0800000)
  to   space 24576K, 0% used [0x00000000ddc80000,0x00000000ddc80000,0x00000000df480000)
 ParOldGen       total 86016K, used 33103K [0x0000000082200000, 0x0000000087600000, 0x00000000d6100000)
  object space 86016K, 38% used [0x0000000082200000,0x0000000084253dc0,0x0000000087600000)
 Metaspace       used 20604K, capacity 21156K, committed 21296K, reserved 1069056K
  class space    used 2448K, capacity 2622K, committed 2688K, reserved 1048576K
Event: 6.584 GC heap after
Heap after GC invocations=7 (full 0):
 PSYoungGen      total 151040K, used 12913K [0x00000000d6100000, 0x00000000e8500000, 0x0000000100000000)
  eden space 126464K, 0% used [0x00000000d6100000,0x00000000d6100000,0x00000000ddc80000)
  from space 24576K, 52% used [0x00000000ddc80000,0x00000000de91c648,0x00000000df480000)
  to   space 23040K, 0% used [0x00000000e6e80000,0x00000000e6e80000,0x00000000e8500000)
 ParOldGen       total 86016K, used 35316K [0x0000000082200000, 0x0000000087600000, 0x00000000d6100000)
  object space 86016K, 41% used [0x0000000082200000,0x000000008447d2f0,0x0000000087600000)
 Metaspace       used 20604K, capacity 21156K, committed 21296K, reserved 1069056K
  class space    used 2448K, capacity 2622K, committed 2688K, reserved 1048576K
}
Event: 6.584 GC heap before
{Heap before GC invocations=8 (full 1):
 PSYoungGen      total 151040K, used 12913K [0x00000000d6100000, 0x00000000e8500000, 0x0000000100000000)
  eden space 126464K, 0% used [0x00000000d6100000,0x00000000d6100000,0x00000000ddc80000)
  from space 24576K, 52% used [0x00000000ddc80000,0x00000000de91c648,0x00000000df480000)
  to   space 23040K, 0% used [0x00000000e6e80000,0x00000000e6e80000,0x00000000e8500000)
 ParOldGen       total 86016K, used 35316K [0x0000000082200000, 0x0000000087600000, 0x00000000d6100000)
  object space 86016K, 41% used [0x0000000082200000,0x000000008447d2f0,0x0000000087600000)
 Metaspace       used 20604K, capacity 21156K, committed 21296K, reserved 1069056K
  class space    used 2448K, capacity 2622K, committed 2688K, reserved 1048576K
Event: 6.904 GC heap after
Heap after GC invocations=8 (full 1):
 PSYoungGen      total 151040K, used 0K [0x00000000d6100000, 0x00000000e8500000, 0x0000000100000000)
  eden space 126464K, 0% used [0x00000000d6100000,0x00000000d6100000,0x00000000ddc80000)
  from space 24576K, 0% used [0x00000000ddc80000,0x00000000ddc80000,0x00000000df480000)
  to   space 23040K, 0% used [0x00000000e6e80000,0x00000000e6e80000,0x00000000e8500000)
 ParOldGen       total 90112K, used 25564K [0x0000000082200000, 0x0000000087a00000, 0x00000000d6100000)
  object space 90112K, 28% used [0x0000000082200000,0x0000000083af70f0,0x0000000087a00000)
 Metaspace       used 20604K, capacity 21156K, committed 21296K, reserved 1069056K
  class space    used 2448K, capacity 2622K, committed 2688K, reserved 1048576K
}
Event: 19.573 GC heap before
{Heap before GC invocations=9 (full 1):
 PSYoungGen      total 151040K, used 104748K [0x00000000d6100000, 0x00000000e8500000, 0x0000000100000000)
  eden space 126464K, 82% used [0x00000000d6100000,0x00000000dc74b210,0x00000000ddc80000)
  from space 24576K, 0% used [0x00000000ddc80000,0x00000000ddc80000,0x00000000df480000)
  to   space 23040K, 0% used [0x00000000e6e80000,0x00000000e6e80000,0x00000000e8500000)
 ParOldGen       total 90112K, used 25564K [0x0000000082200000, 0x0000000087a00000, 0x00000000d6100000)
  object space 90112K, 28% used [0x0000000082200000,0x0000000083af70f0,0x0000000087a00000)
 Metaspace       used 34607K, capacity 35294K, committed 35456K, reserved 1081344K
  class space    used 4166K, capacity 4385K, committed 4480K, reserved 1048576K
Event: 19.595 GC heap after
Heap after GC invocations=9 (full 1):
 PSYoungGen      total 193024K, used 16316K [0x00000000d6100000, 0x00000000e7e80000, 0x0000000100000000)
  eden space 176640K, 0% used [0x00000000d6100000,0x00000000d6100000,0x00000000e0d80000)
  from space 16384K, 99% used [0x00000000e6e80000,0x00000000e7e6f290,0x00000000e7e80000)
  to   space 23552K, 0% used [0x00000000e5080000,0x00000000e5080000,0x00000000e6780000)
 ParOldGen       total 90112K, used 25572K [0x0000000082200000, 0x0000000087a00000, 0x00000000d6100000)
  object space 90112K, 28% used [0x0000000082200000,0x0000000083af90f0,0x0000000087a00000)
 Metaspace       used 34607K, capacity 35294K, committed 35456K, reserved 1081344K
  class space    used 4166K, capacity 4385K, committed 4480K, reserved 1048576K
}
Event: 19.595 GC heap before
{Heap before GC invocations=10 (full 2):
 PSYoungGen      total 193024K, used 16316K [0x00000000d6100000, 0x00000000e7e80000, 0x0000000100000000)
  eden space 176640K, 0% used [0x00000000d6100000,0x00000000d6100000,0x00000000e0d80000)
  from space 16384K, 99% used [0x00000000e6e80000,0x00000000e7e6f290,0x00000000e7e80000)
  to   space 23552K, 0% used [0x00000000e5080000,0x00000000e5080000,0x00000000e6780000)
 ParOldGen       total 90112K, used 25572K [0x0000000082200000, 0x0000000087a00000, 0x00000000d6100000)
  object space 90112K, 28% used [0x0000000082200000,0x0000000083af90f0,0x0000000087a00000)
 Metaspace       used 34607K, capacity 35294K, committed 35456K, reserved 1081344K
  class space    used 4166K, capacity 4385K, committed 4480K, reserved 1048576K
Event: 19.685 GC heap after
Heap after GC invocations=10 (full 2):
 PSYoungGen      total 193024K, used 0K [0x00000000d6100000, 0x00000000e7e80000, 0x0000000100000000)
  eden space 176640K, 0% used [0x00000000d6100000,0x00000000d6100000,0x00000000e0d80000)
  from space 16384K, 0% used [0x00000000e6e80000,0x00000000e6e80000,0x00000000e7e80000)
  to   space 23552K, 0% used [0x00000000e5080000,0x00000000e5080000,0x00000000e6780000)
 ParOldGen       total 120320K, used 31708K [0x0000000082200000, 0x0000000089780000, 0x00000000d6100000)
  object space 120320K, 26% used [0x0000000082200000,0x00000000840f7150,0x0000000089780000)
 Metaspace       used 34607K, capacity 35294K, committed 35456K, reserved 1081344K
  class space    used 4166K, capacity 4385K, committed 4480K, reserved 1048576K
}

