# JRE version: Java(TM) SE Runtime Environment (8.0_131-b11) (build 1.8.0_131-b11)
# Java VM: Java HotSpot(TM) 64-Bit Server VM (25.131-b11 mixed mode windows-amd64 compressed oops)
Heap:
 PSYoungGen      total 121856K, used 88943K [0x00000000eab00000, 0x00000000f5100000, 0x0000000100000000)
  eden space 98816K, 67% used [0x00000000eab00000,0x00000000eebbb998,0x00000000f0b80000)
  from space 23040K, 98% used [0x00000000f3a80000,0x00000000f50a04b0,0x00000000f5100000)
  to   space 26624K, 0% used [0x00000000f1d00000,0x00000000f1d00000,0x00000000f3700000)
 ParOldGen       total 95232K, used 29409K [0x00000000c0000000, 0x00000000c5d00000, 0x00000000eab00000)
  object space 95232K, 30% used [0x00000000c0000000,0x00000000c1cb8620,0x00000000c5d00000)
 Metaspace       used 51150K, capacity 53222K, committed 53416K, reserved 1095680K
  class space    used 7355K, capacity 8001K, committed 8112K, reserved 1048576K
GC Heap History (10 events):
Event: 11.291 GC heap before
{Heap before GC invocations=12 (full 2):
 PSYoungGen      total 73216K, used 61952K [0x00000000eab00000, 0x00000000f1400000, 0x0000000100000000)
  eden space 61952K, 100% used [0x00000000eab00000,0x00000000ee780000,0x00000000ee780000)
  from space 11264K, 0% used [0x00000000ee780000,0x00000000ee780000,0x00000000ef280000)
  to   space 11776K, 0% used [0x00000000f0880000,0x00000000f0880000,0x00000000f1400000)
 ParOldGen       total 95232K, used 15305K [0x00000000c0000000, 0x00000000c5d00000, 0x00000000eab00000)
  object space 95232K, 16% used [0x00000000c0000000,0x00000000c0ef2628,0x00000000c5d00000)
 Metaspace       used 37113K, capacity 37672K, committed 37928K, reserved 1081344K
  class space    used 5205K, capacity 5398K, committed 5424K, reserved 1048576K
Event: 11.311 GC heap after
Heap after GC invocations=12 (full 2):
 PSYoungGen      total 90624K, used 8465K [0x00000000eab00000, 0x00000000f1200000, 0x0000000100000000)
  eden space 80896K, 0% used [0x00000000eab00000,0x00000000eab00000,0x00000000efa00000)
  from space 9728K, 87% used [0x00000000f0880000,0x00000000f10c4510,0x00000000f1200000)
  to   space 12288K, 0% used [0x00000000efa00000,0x00000000efa00000,0x00000000f0600000)
 ParOldGen       total 95232K, used 15313K [0x00000000c0000000, 0x00000000c5d00000, 0x00000000eab00000)
  object space 95232K, 16% used [0x00000000c0000000,0x00000000c0ef4628,0x00000000c5d00000)
 Metaspace       used 37113K, capacity 37672K, committed 37928K, reserved 1081344K
  class space    used 5205K, capacity 5398K, committed 5424K, reserved 1048576K
}
Event: 12.590 GC heap before
{Heap before GC invocations=13 (full 2):
 PSYoungGen      total 90624K, used 89361K [0x00000000eab00000, 0x00000000f1200000, 0x0000000100000000)
  eden space 80896K, 100% used [0x00000000eab00000,0x00000000efa00000,0x00000000efa00000)
  from space 9728K, 87% used [0x00000000f0880000,0x00000000f10c4510,0x00000000f1200000)
  to   space 12288K, 0% used [0x00000000efa00000,0x00000000efa00000,0x00000000f0600000)
 ParOldGen       total 95232K, used 15313K [0x00000000c0000000, 0x00000000c5d00000, 0x00000000eab00000)
  object space 95232K, 16% used [0x00000000c0000000,0x00000000c0ef4628,0x00000000c5d00000)
 Metaspace       used 39999K, capacity 40832K, committed 41000K, reserved 1085440K
  class space    used 5602K, capacity 5866K, committed 5936K, reserved 1048576K
Event: 12.616 GC heap after
Heap after GC invocations=13 (full 2):
 PSYoungGen      total 93184K, used 12272K [0x00000000eab00000, 0x00000000f3000000, 0x0000000100000000)
  eden space 80896K, 0% used [0x00000000eab00000,0x00000000eab00000,0x00000000efa00000)
  from space 12288K, 99% used [0x00000000efa00000,0x00000000f05fc040,0x00000000f0600000)
  to   space 15360K, 0% used [0x00000000f2100000,0x00000000f2100000,0x00000000f3000000)
 ParOldGen       total 95232K, used 20503K [0x00000000c0000000, 0x00000000c5d00000, 0x00000000eab00000)
  object space 95232K, 21% used [0x00000000c0000000,0x00000000c1405ef0,0x00000000c5d00000)
 Metaspace       used 39999K, capacity 40832K, committed 41000K, reserved 1085440K
  class space    used 5602K, capacity 5866K, committed 5936K, reserved 1048576K
}
Event: 470.461 GC heap before
{Heap before GC invocations=14 (full 2):
 PSYoungGen      total 93184K, used 93168K [0x00000000eab00000, 0x00000000f3000000, 0x0000000100000000)
  eden space 80896K, 100% used [0x00000000eab00000,0x00000000efa00000,0x00000000efa00000)
  from space 12288K, 99% used [0x00000000efa00000,0x00000000f05fc040,0x00000000f0600000)
  to   space 15360K, 0% used [0x00000000f2100000,0x00000000f2100000,0x00000000f3000000)
 ParOldGen       total 95232K, used 20503K [0x00000000c0000000, 0x00000000c5d00000, 0x00000000eab00000)
  object space 95232K, 21% used [0x00000000c0000000,0x00000000c1405ef0,0x00000000c5d00000)
 Metaspace       used 42897K, capacity 44058K, committed 44328K, reserved 1087488K
  class space    used 6003K, capacity 6361K, committed 6448K, reserved 1048576K
Event: 470.500 GC heap after
Heap after GC invocations=14 (full 2):
 PSYoungGen      total 116736K, used 15329K [0x00000000eab00000, 0x00000000f3480000, 0x0000000100000000)
  eden space 101376K, 0% used [0x00000000eab00000,0x00000000eab00000,0x00000000f0e00000)
  from space 15360K, 99% used [0x00000000f2100000,0x00000000f2ff84d0,0x00000000f3000000)
  to   space 19456K, 0% used [0x00000000f0e00000,0x00000000f0e00000,0x00000000f2100000)
 ParOldGen       total 95232K, used 26149K [0x00000000c0000000, 0x00000000c5d00000, 0x00000000eab00000)
  object space 95232K, 27% used [0x00000000c0000000,0x00000000c1989500,0x00000000c5d00000)
 Metaspace       used 42897K, capacity 44058K, committed 44328K, reserved 1087488K
  class space    used 6003K, capacity 6361K, committed 6448K, reserved 1048576K
}
Event: 809.806 GC heap before
{Heap before GC invocations=15 (full 2):
 PSYoungGen      total 116736K, used 116705K [0x00000000eab00000, 0x00000000f3480000, 0x0000000100000000)
  eden space 101376K, 100% used [0x00000000eab00000,0x00000000f0e00000,0x00000000f0e00000)
  from space 15360K, 99% used [0x00000000f2100000,0x00000000f2ff84d0,0x00000000f3000000)
  to   space 19456K, 0% used [0x00000000f0e00000,0x00000000f0e00000,0x00000000f2100000)
 ParOldGen       total 95232K, used 26149K [0x00000000c0000000, 0x00000000c5d00000, 0x00000000eab00000)
  object space 95232K, 27% used [0x00000000c0000000,0x00000000c1989500,0x00000000c5d00000)
 Metaspace       used 45296K, capacity 47030K, committed 47144K, reserved 1089536K
  class space    used 6382K, capacity 6907K, committed 6960K, reserved 1048576K
Event: 809.868 GC heap after
Heap after GC invocations=15 (full 2):
 PSYoungGen      total 120832K, used 19441K [0x00000000eab00000, 0x00000000f5180000, 0x0000000100000000)
  eden space 101376K, 0% used [0x00000000eab00000,0x00000000eab00000,0x00000000f0e00000)
  from space 19456K, 99% used [0x00000000f0e00000,0x00000000f20fc4a0,0x00000000f2100000)
  to   space 23552K, 0% used [0x00000000f3a80000,0x00000000f3a80000,0x00000000f5180000)
 ParOldGen       total 95232K, used 29401K [0x00000000c0000000, 0x00000000c5d00000, 0x00000000eab00000)
  object space 95232K, 30% used [0x00000000c0000000,0x00000000c1cb6620,0x00000000c5d00000)
 Metaspace       used 45296K, capacity 47030K, committed 47144K, reserved 1089536K
  class space    used 6382K, capacity 6907K, committed 6960K, reserved 1048576K
}
Event: 3638.963 GC heap before
{Heap before GC invocations=16 (full 2):
 PSYoungGen      total 120832K, used 120817K [0x00000000eab00000, 0x00000000f5180000, 0x0000000100000000)
  eden space 101376K, 100% used [0x00000000eab00000,0x00000000f0e00000,0x00000000f0e00000)
  from space 19456K, 99% used [0x00000000f0e00000,0x00000000f20fc4a0,0x00000000f2100000)
  to   space 23552K, 0% used [0x00000000f3a80000,0x00000000f3a80000,0x00000000f5180000)
 ParOldGen       total 95232K, used 29401K [0x00000000c0000000, 0x00000000c5d00000, 0x00000000eab00000)
  object space 95232K, 30% used [0x00000000c0000000,0x00000000c1cb6620,0x00000000c5d00000)
 Metaspace       used 45956K, capacity 47862K, committed 48040K, reserved 1089536K
  class space    used 6422K, capacity 6998K, committed 7088K, reserved 1048576K
Event: 3639.002 GC heap after
Heap after GC invocations=16 (full 2):
 PSYoungGen      total 121856K, used 22657K [0x00000000eab00000, 0x00000000f5100000, 0x0000000100000000)
  eden space 98816K, 0% used [0x00000000eab00000,0x00000000eab00000,0x00000000f0b80000)
  from space 23040K, 98% used [0x00000000f3a80000,0x00000000f50a04b0,0x00000000f5100000)
  to   space 26624K, 0% used [0x00000000f1d00000,0x00000000f1d00000,0x00000000f3700000)
 ParOldGen       total 95232K, used 29409K [0x00000000c0000000, 0x00000000c5d00000, 0x00000000eab00000)
  object space 95232K, 30% used [0x00000000c0000000,0x00000000c1cb8620,0x00000000c5d00000)
 Metaspace       used 45956K, capacity 47862K, committed 48040K, reserved 1089536K
  class space    used 6422K, capacity 6998K, committed 7088K, reserved 1048576K
}

