# JRE version: Java(TM) SE Runtime Environment (8.0_131-b11) (build 1.8.0_131-b11)
# Java VM: Java HotSpot(TM) 64-Bit Server VM (25.131-b11 mixed mode windows-amd64 compressed oops)
Heap:
 PSYoungGen      total 95232K, used 82875K [0x00000000eab00000, 0x00000000f1200000, 0x0000000100000000)
  eden space 86016K, 85% used [0x00000000eab00000,0x00000000ef2f2ed8,0x00000000eff00000)
  from space 9216K, 99% used [0x00000000f0900000,0x00000000f11fc010,0x00000000f1200000)
  to   space 9728K, 0% used [0x00000000eff00000,0x00000000eff00000,0x00000000f0880000)
 ParOldGen       total 67584K, used 19753K [0x00000000c0000000, 0x00000000c4200000, 0x00000000eab00000)
  object space 67584K, 29% used [0x00000000c0000000,0x00000000c134a660,0x00000000c4200000)
 Metaspace       used 40537K, capacity 41508K, committed 41640K, reserved 1085440K
  class space    used 5700K, capacity 6010K, committed 6064K, reserved 1048576K
GC Heap History (10 events):
Event: 7.328 GC heap before
{Heap before GC invocations=6 (full 1):
 PSYoungGen      total 70656K, used 65536K [0x00000000eab00000, 0x00000000ef500000, 0x0000000100000000)
  eden space 65536K, 100% used [0x00000000eab00000,0x00000000eeb00000,0x00000000eeb00000)
  from space 5120K, 0% used [0x00000000ef000000,0x00000000ef000000,0x00000000ef500000)
  to   space 5120K, 0% used [0x00000000eeb00000,0x00000000eeb00000,0x00000000ef000000)
 ParOldGen       total 67584K, used 8289K [0x00000000c0000000, 0x00000000c4200000, 0x00000000eab00000)
  object space 67584K, 12% used [0x00000000c0000000,0x00000000c0818628,0x00000000c4200000)
 Metaspace       used 27645K, capacity 28034K, committed 28208K, reserved 1073152K
  class space    used 3904K, capacity 4050K, committed 4144K, reserved 1048576K
Event: 7.342 GC heap after
Heap after GC invocations=6 (full 1):
 PSYoungGen      total 70656K, used 5093K [0x00000000eab00000, 0x00000000f1280000, 0x0000000100000000)
  eden space 65536K, 0% used [0x00000000eab00000,0x00000000eab00000,0x00000000eeb00000)
  from space 5120K, 99% used [0x00000000eeb00000,0x00000000eeff9730,0x00000000ef000000)
  to   space 9728K, 0% used [0x00000000f0900000,0x00000000f0900000,0x00000000f1280000)
 ParOldGen       total 67584K, used 9667K [0x00000000c0000000, 0x00000000c4200000, 0x00000000eab00000)
  object space 67584K, 14% used [0x00000000c0000000,0x00000000c0970e48,0x00000000c4200000)
 Metaspace       used 27645K, capacity 28034K, committed 28208K, reserved 1073152K
  class space    used 3904K, capacity 4050K, committed 4144K, reserved 1048576K
}
Event: 8.307 GC heap before
{Heap before GC invocations=7 (full 1):
 PSYoungGen      total 70656K, used 70629K [0x00000000eab00000, 0x00000000f1280000, 0x0000000100000000)
  eden space 65536K, 100% used [0x00000000eab00000,0x00000000eeb00000,0x00000000eeb00000)
  from space 5120K, 99% used [0x00000000eeb00000,0x00000000eeff9730,0x00000000ef000000)
  to   space 9728K, 0% used [0x00000000f0900000,0x00000000f0900000,0x00000000f1280000)
 ParOldGen       total 67584K, used 9667K [0x00000000c0000000, 0x00000000c4200000, 0x00000000eab00000)
  object space 67584K, 14% used [0x00000000c0000000,0x00000000c0970e48,0x00000000c4200000)
 Metaspace       used 30408K, capacity 30772K, committed 31152K, reserved 1075200K
  class space    used 4319K, capacity 4447K, committed 4528K, reserved 1048576K
Event: 8.318 GC heap after
Heap after GC invocations=7 (full 1):
 PSYoungGen      total 95232K, used 6282K [0x00000000eab00000, 0x00000000f1200000, 0x0000000100000000)
  eden space 86016K, 0% used [0x00000000eab00000,0x00000000eab00000,0x00000000eff00000)
  from space 9216K, 68% used [0x00000000f0900000,0x00000000f0f22a18,0x00000000f1200000)
  to   space 9728K, 0% used [0x00000000eff00000,0x00000000eff00000,0x00000000f0880000)
 ParOldGen       total 67584K, used 9675K [0x00000000c0000000, 0x00000000c4200000, 0x00000000eab00000)
  object space 67584K, 14% used [0x00000000c0000000,0x00000000c0972e48,0x00000000c4200000)
 Metaspace       used 30408K, capacity 30772K, committed 31152K, reserved 1075200K
  class space    used 4319K, capacity 4447K, committed 4528K, reserved 1048576K
}
Event: 9.528 GC heap before
{Heap before GC invocations=8 (full 1):
 PSYoungGen      total 95232K, used 49339K [0x00000000eab00000, 0x00000000f1200000, 0x0000000100000000)
  eden space 86016K, 50% used [0x00000000eab00000,0x00000000ed50c3f0,0x00000000eff00000)
  from space 9216K, 68% used [0x00000000f0900000,0x00000000f0f22a18,0x00000000f1200000)
  to   space 9728K, 0% used [0x00000000eff00000,0x00000000eff00000,0x00000000f0880000)
 ParOldGen       total 67584K, used 9675K [0x00000000c0000000, 0x00000000c4200000, 0x00000000eab00000)
  object space 67584K, 14% used [0x00000000c0000000,0x00000000c0972e48,0x00000000c4200000)
 Metaspace       used 34666K, capacity 35156K, committed 35496K, reserved 1079296K
  class space    used 4870K, capacity 5024K, committed 5040K, reserved 1048576K
Event: 9.553 GC heap after
Heap after GC invocations=8 (full 1):
 PSYoungGen      total 95744K, used 9715K [0x00000000eab00000, 0x00000000f1200000, 0x0000000100000000)
  eden space 86016K, 0% used [0x00000000eab00000,0x00000000eab00000,0x00000000eff00000)
  from space 9728K, 99% used [0x00000000eff00000,0x00000000f087cc58,0x00000000f0880000)
  to   space 9216K, 0% used [0x00000000f0900000,0x00000000f0900000,0x00000000f1200000)
 ParOldGen       total 67584K, used 10325K [0x00000000c0000000, 0x00000000c4200000, 0x00000000eab00000)
  object space 67584K, 15% used [0x00000000c0000000,0x00000000c0a157d8,0x00000000c4200000)
 Metaspace       used 34666K, capacity 35156K, committed 35496K, reserved 1079296K
  class space    used 4870K, capacity 5024K, committed 5040K, reserved 1048576K
}
Event: 9.553 GC heap before
{Heap before GC invocations=9 (full 2):
 PSYoungGen      total 95744K, used 9715K [0x00000000eab00000, 0x00000000f1200000, 0x0000000100000000)
  eden space 86016K, 0% used [0x00000000eab00000,0x00000000eab00000,0x00000000eff00000)
  from space 9728K, 99% used [0x00000000eff00000,0x00000000f087cc58,0x00000000f0880000)
  to   space 9216K, 0% used [0x00000000f0900000,0x00000000f0900000,0x00000000f1200000)
 ParOldGen       total 67584K, used 10325K [0x00000000c0000000, 0x00000000c4200000, 0x00000000eab00000)
  object space 67584K, 15% used [0x00000000c0000000,0x00000000c0a157d8,0x00000000c4200000)
 Metaspace       used 34666K, capacity 35156K, committed 35496K, reserved 1079296K
  class space    used 4870K, capacity 5024K, committed 5040K, reserved 1048576K
Event: 9.699 GC heap after
Heap after GC invocations=9 (full 2):
 PSYoungGen      total 95744K, used 0K [0x00000000eab00000, 0x00000000f1200000, 0x0000000100000000)
  eden space 86016K, 0% used [0x00000000eab00000,0x00000000eab00000,0x00000000eff00000)
  from space 9728K, 0% used [0x00000000eff00000,0x00000000eff00000,0x00000000f0880000)
  to   space 9216K, 0% used [0x00000000f0900000,0x00000000f0900000,0x00000000f1200000)
 ParOldGen       total 67584K, used 16821K [0x00000000c0000000, 0x00000000c4200000, 0x00000000eab00000)
  object space 67584K, 24% used [0x00000000c0000000,0x00000000c106d628,0x00000000c4200000)
 Metaspace       used 34666K, capacity 35156K, committed 35496K, reserved 1079296K
  class space    used 4870K, capacity 5024K, committed 5040K, reserved 1048576K
}
Event: 13.287 GC heap before
{Heap before GC invocations=10 (full 2):
 PSYoungGen      total 95744K, used 86016K [0x00000000eab00000, 0x00000000f1200000, 0x0000000100000000)
  eden space 86016K, 100% used [0x00000000eab00000,0x00000000eff00000,0x00000000eff00000)
  from space 9728K, 0% used [0x00000000eff00000,0x00000000eff00000,0x00000000f0880000)
  to   space 9216K, 0% used [0x00000000f0900000,0x00000000f0900000,0x00000000f1200000)
 ParOldGen       total 67584K, used 16821K [0x00000000c0000000, 0x00000000c4200000, 0x00000000eab00000)
  object space 67584K, 24% used [0x00000000c0000000,0x00000000c106d628,0x00000000c4200000)
 Metaspace       used 38736K, capacity 39414K, committed 39592K, reserved 1083392K
  class space    used 5430K, capacity 5683K, committed 5808K, reserved 1048576K
Event: 13.307 GC heap after
Heap after GC invocations=10 (full 2):
 PSYoungGen      total 95232K, used 9200K [0x00000000eab00000, 0x00000000f1200000, 0x0000000100000000)
  eden space 86016K, 0% used [0x00000000eab00000,0x00000000eab00000,0x00000000eff00000)
  from space 9216K, 99% used [0x00000000f0900000,0x00000000f11fc010,0x00000000f1200000)
  to   space 9728K, 0% used [0x00000000eff00000,0x00000000eff00000,0x00000000f0880000)
 ParOldGen       total 67584K, used 19753K [0x00000000c0000000, 0x00000000c4200000, 0x00000000eab00000)
  object space 67584K, 29% used [0x00000000c0000000,0x00000000c134a660,0x00000000c4200000)
 Metaspace       used 38736K, capacity 39414K, committed 39592K, reserved 1083392K
  class space    used 5430K, capacity 5683K, committed 5808K, reserved 1048576K
}

