# JRE version: Java(TM) SE Runtime Environment (8.0_131-b11) (build 1.8.0_131-b11)
# Java VM: Java HotSpot(TM) 64-Bit Server VM (25.131-b11 mixed mode windows-amd64 compressed oops)
Heap:
 PSYoungGen      total 204288K, used 134544K [0x00000000d6100000, 0x00000000e7f00000, 0x0000000100000000)
  eden space 187904K, 71% used [0x00000000d6100000,0x00000000de464040,0x00000000e1880000)
  from space 16384K, 0% used [0x00000000e6f00000,0x00000000e6f00000,0x00000000e7f00000)
  to   space 24576K, 0% used [0x00000000e4f00000,0x00000000e4f00000,0x00000000e6700000)
 ParOldGen       total 112128K, used 31079K [0x0000000082200000, 0x0000000088f80000, 0x00000000d6100000)
  object space 112128K, 27% used [0x0000000082200000,0x0000000084059d68,0x0000000088f80000)
 Metaspace       used 35399K, capacity 36212K, committed 36352K, reserved 1081344K
  class space    used 4298K, capacity 4561K, committed 4608K, reserved 1048576K
GC Heap History (10 events):
Event: 5.714 GC heap before
{Heap before GC invocations=6 (full 0):
 PSYoungGen      total 70656K, used 70624K [0x00000000d6100000, 0x00000000e0a00000, 0x0000000100000000)
  eden space 65536K, 100% used [0x00000000d6100000,0x00000000da100000,0x00000000da100000)
  from space 5120K, 99% used [0x00000000da100000,0x00000000da5f8040,0x00000000da600000)
  to   space 20992K, 0% used [0x00000000df580000,0x00000000df580000,0x00000000e0a00000)
 ParOldGen       total 86016K, used 32434K [0x0000000082200000, 0x0000000087600000, 0x00000000d6100000)
  object space 86016K, 37% used [0x0000000082200000,0x00000000841ac888,0x0000000087600000)
 Metaspace       used 19219K, capacity 19776K, committed 19840K, reserved 1067008K
  class space    used 2245K, capacity 2394K, committed 2432K, reserved 1048576K
Event: 5.778 GC heap after
Heap after GC invocations=6 (full 0):
 PSYoungGen      total 146944K, used 20984K [0x00000000d6100000, 0x00000000e1400000, 0x0000000100000000)
  eden space 125952K, 0% used [0x00000000d6100000,0x00000000d6100000,0x00000000ddc00000)
  from space 20992K, 99% used [0x00000000df580000,0x00000000e09fe2e8,0x00000000e0a00000)
  to   space 26112K, 0% used [0x00000000ddc00000,0x00000000ddc00000,0x00000000df580000)
 ParOldGen       total 86016K, used 34548K [0x0000000082200000, 0x0000000087600000, 0x00000000d6100000)
  object space 86016K, 40% used [0x0000000082200000,0x00000000843bd2f0,0x0000000087600000)
 Metaspace       used 19219K, capacity 19776K, committed 19840K, reserved 1067008K
  class space    used 2245K, capacity 2394K, committed 2432K, reserved 1048576K
}
Event: 6.401 GC heap before
{Heap before GC invocations=7 (full 0):
 PSYoungGen      total 146944K, used 64882K [0x00000000d6100000, 0x00000000e1400000, 0x0000000100000000)
  eden space 125952K, 34% used [0x00000000d6100000,0x00000000d8bde850,0x00000000ddc00000)
  from space 20992K, 99% used [0x00000000df580000,0x00000000e09fe2e8,0x00000000e0a00000)
  to   space 26112K, 0% used [0x00000000ddc00000,0x00000000ddc00000,0x00000000df580000)
 ParOldGen       total 86016K, used 34548K [0x0000000082200000, 0x0000000087600000, 0x00000000d6100000)
  object space 86016K, 40% used [0x0000000082200000,0x00000000843bd2f0,0x0000000087600000)
 Metaspace       used 20599K, capacity 21156K, committed 21296K, reserved 1069056K
  class space    used 2447K, capacity 2622K, committed 2688K, reserved 1048576K
Event: 6.450 GC heap after
Heap after GC invocations=7 (full 0):
 PSYoungGen      total 152064K, used 12402K [0x00000000d6100000, 0x00000000e8700000, 0x0000000100000000)
  eden space 125952K, 0% used [0x00000000d6100000,0x00000000d6100000,0x00000000ddc00000)
  from space 26112K, 47% used [0x00000000ddc00000,0x00000000de81c9d8,0x00000000df580000)
  to   space 24576K, 0% used [0x00000000e6f00000,0x00000000e6f00000,0x00000000e8700000)
 ParOldGen       total 86016K, used 37058K [0x0000000082200000, 0x0000000087600000, 0x00000000d6100000)
  object space 86016K, 43% used [0x0000000082200000,0x0000000084630820,0x0000000087600000)
 Metaspace       used 20599K, capacity 21156K, committed 21296K, reserved 1069056K
  class space    used 2447K, capacity 2622K, committed 2688K, reserved 1048576K
}
Event: 6.450 GC heap before
{Heap before GC invocations=8 (full 1):
 PSYoungGen      total 152064K, used 12402K [0x00000000d6100000, 0x00000000e8700000, 0x0000000100000000)
  eden space 125952K, 0% used [0x00000000d6100000,0x00000000d6100000,0x00000000ddc00000)
  from space 26112K, 47% used [0x00000000ddc00000,0x00000000de81c9d8,0x00000000df580000)
  to   space 24576K, 0% used [0x00000000e6f00000,0x00000000e6f00000,0x00000000e8700000)
 ParOldGen       total 86016K, used 37058K [0x0000000082200000, 0x0000000087600000, 0x00000000d6100000)
  object space 86016K, 43% used [0x0000000082200000,0x0000000084630820,0x0000000087600000)
 Metaspace       used 20599K, capacity 21156K, committed 21296K, reserved 1069056K
  class space    used 2447K, capacity 2622K, committed 2688K, reserved 1048576K
Event: 6.696 GC heap after
Heap after GC invocations=8 (full 1):
 PSYoungGen      total 152064K, used 0K [0x00000000d6100000, 0x00000000e8700000, 0x0000000100000000)
  eden space 125952K, 0% used [0x00000000d6100000,0x00000000d6100000,0x00000000ddc00000)
  from space 26112K, 0% used [0x00000000ddc00000,0x00000000ddc00000,0x00000000df580000)
  to   space 24576K, 0% used [0x00000000e6f00000,0x00000000e6f00000,0x00000000e8700000)
 ParOldGen       total 103936K, used 41715K [0x0000000082200000, 0x0000000088780000, 0x00000000d6100000)
  object space 103936K, 40% used [0x0000000082200000,0x0000000084abcd08,0x0000000088780000)
 Metaspace       used 20599K, capacity 21156K, committed 21296K, reserved 1069056K
  class space    used 2447K, capacity 2622K, committed 2688K, reserved 1048576K
}
Event: 22.394 GC heap before
{Heap before GC invocations=9 (full 1):
 PSYoungGen      total 152064K, used 104053K [0x00000000d6100000, 0x00000000e8700000, 0x0000000100000000)
  eden space 125952K, 82% used [0x00000000d6100000,0x00000000dc69d7f0,0x00000000ddc00000)
  from space 26112K, 0% used [0x00000000ddc00000,0x00000000ddc00000,0x00000000df580000)
  to   space 24576K, 0% used [0x00000000e6f00000,0x00000000e6f00000,0x00000000e8700000)
 ParOldGen       total 103936K, used 41715K [0x0000000082200000, 0x0000000088780000, 0x00000000d6100000)
  object space 103936K, 40% used [0x0000000082200000,0x0000000084abcd08,0x0000000088780000)
 Metaspace       used 34590K, capacity 35288K, committed 35456K, reserved 1081344K
  class space    used 4161K, capacity 4384K, committed 4480K, reserved 1048576K
Event: 22.418 GC heap after
Heap after GC invocations=9 (full 1):
 PSYoungGen      total 204288K, used 16214K [0x00000000d6100000, 0x00000000e7f00000, 0x0000000100000000)
  eden space 187904K, 0% used [0x00000000d6100000,0x00000000d6100000,0x00000000e1880000)
  from space 16384K, 98% used [0x00000000e6f00000,0x00000000e7ed5b00,0x00000000e7f00000)
  to   space 24576K, 0% used [0x00000000e4f00000,0x00000000e4f00000,0x00000000e6700000)
 ParOldGen       total 103936K, used 41723K [0x0000000082200000, 0x0000000088780000, 0x00000000d6100000)
  object space 103936K, 40% used [0x0000000082200000,0x0000000084abed08,0x0000000088780000)
 Metaspace       used 34590K, capacity 35288K, committed 35456K, reserved 1081344K
  class space    used 4161K, capacity 4384K, committed 4480K, reserved 1048576K
}
Event: 22.418 GC heap before
{Heap before GC invocations=10 (full 2):
 PSYoungGen      total 204288K, used 16214K [0x00000000d6100000, 0x00000000e7f00000, 0x0000000100000000)
  eden space 187904K, 0% used [0x00000000d6100000,0x00000000d6100000,0x00000000e1880000)
  from space 16384K, 98% used [0x00000000e6f00000,0x00000000e7ed5b00,0x00000000e7f00000)
  to   space 24576K, 0% used [0x00000000e4f00000,0x00000000e4f00000,0x00000000e6700000)
 ParOldGen       total 103936K, used 41723K [0x0000000082200000, 0x0000000088780000, 0x00000000d6100000)
  object space 103936K, 40% used [0x0000000082200000,0x0000000084abed08,0x0000000088780000)
 Metaspace       used 34590K, capacity 35288K, committed 35456K, reserved 1081344K
  class space    used 4161K, capacity 4384K, committed 4480K, reserved 1048576K
Event: 22.565 GC heap after
Heap after GC invocations=10 (full 2):
 PSYoungGen      total 204288K, used 0K [0x00000000d6100000, 0x00000000e7f00000, 0x0000000100000000)
  eden space 187904K, 0% used [0x00000000d6100000,0x00000000d6100000,0x00000000e1880000)
  from space 16384K, 0% used [0x00000000e6f00000,0x00000000e6f00000,0x00000000e7f00000)
  to   space 24576K, 0% used [0x00000000e4f00000,0x00000000e4f00000,0x00000000e6700000)
 ParOldGen       total 112128K, used 31079K [0x0000000082200000, 0x0000000088f80000, 0x00000000d6100000)
  object space 112128K, 27% used [0x0000000082200000,0x0000000084059d68,0x0000000088f80000)
 Metaspace       used 34590K, capacity 35288K, committed 35456K, reserved 1081344K
  class space    used 4161K, capacity 4384K, committed 4480K, reserved 1048576K
}

