# JRE version: Java(TM) SE Runtime Environment (8.0_131-b11) (build 1.8.0_131-b11)
# Java VM: Java HotSpot(TM) 64-Bit Server VM (25.131-b11 mixed mode windows-amd64 compressed oops)
Heap:
 PSYoungGen      total 213504K, used 161081K [0x00000000d6100000, 0x00000000e8080000, 0x0000000100000000)
  eden space 195584K, 73% used [0x00000000d6100000,0x00000000ded1f610,0x00000000e2000000)
  from space 17920K, 98% used [0x00000000e6f00000,0x00000000e802f018,0x00000000e8080000)
  to   space 25088K, 0% used [0x00000000e4f80000,0x00000000e4f80000,0x00000000e6800000)
 ParOldGen       total 98816K, used 38472K [0x0000000082200000, 0x0000000088280000, 0x00000000d6100000)
  object space 98816K, 38% used [0x0000000082200000,0x0000000084792218,0x0000000088280000)
 Metaspace       used 31844K, capacity 32626K, committed 32768K, reserved 1077248K
  class space    used 3967K, capacity 4239K, committed 4352K, reserved 1048576K
GC Heap History (10 events):
Event: 4.139 GC heap before
{Heap before GC invocations=5 (full 0):
 PSYoungGen      total 70656K, used 70640K [0x00000000d6100000, 0x00000000dab00000, 0x0000000100000000)
  eden space 65536K, 100% used [0x00000000d6100000,0x00000000da100000,0x00000000da100000)
  from space 5120K, 99% used [0x00000000da600000,0x00000000daafc010,0x00000000dab00000)
  to   space 5120K, 0% used [0x00000000da100000,0x00000000da100000,0x00000000da600000)
 ParOldGen       total 86016K, used 16393K [0x0000000082200000, 0x0000000087600000, 0x00000000d6100000)
  object space 86016K, 19% used [0x0000000082200000,0x0000000083202790,0x0000000087600000)
 Metaspace       used 19206K, capacity 19712K, committed 19840K, reserved 1067008K
  class space    used 2245K, capacity 2394K, committed 2432K, reserved 1048576K
Event: 4.169 GC heap after
Heap after GC invocations=5 (full 0):
 PSYoungGen      total 70656K, used 5088K [0x00000000d6100000, 0x00000000e0a00000, 0x0000000100000000)
  eden space 65536K, 0% used [0x00000000d6100000,0x00000000d6100000,0x00000000da100000)
  from space 5120K, 99% used [0x00000000da100000,0x00000000da5f8040,0x00000000da600000)
  to   space 20992K, 0% used [0x00000000df580000,0x00000000df580000,0x00000000e0a00000)
 ParOldGen       total 86016K, used 32348K [0x0000000082200000, 0x0000000087600000, 0x00000000d6100000)
  object space 86016K, 37% used [0x0000000082200000,0x0000000084197148,0x0000000087600000)
 Metaspace       used 19206K, capacity 19712K, committed 19840K, reserved 1067008K
  class space    used 2245K, capacity 2394K, committed 2432K, reserved 1048576K
}
Event: 4.899 GC heap before
{Heap before GC invocations=6 (full 0):
 PSYoungGen      total 70656K, used 70624K [0x00000000d6100000, 0x00000000e0a00000, 0x0000000100000000)
  eden space 65536K, 100% used [0x00000000d6100000,0x00000000da100000,0x00000000da100000)
  from space 5120K, 99% used [0x00000000da100000,0x00000000da5f8040,0x00000000da600000)
  to   space 20992K, 0% used [0x00000000df580000,0x00000000df580000,0x00000000e0a00000)
 ParOldGen       total 86016K, used 32349K [0x0000000082200000, 0x0000000087600000, 0x00000000d6100000)
  object space 86016K, 37% used [0x0000000082200000,0x00000000841974f0,0x0000000087600000)
 Metaspace       used 19216K, capacity 19776K, committed 19840K, reserved 1067008K
  class space    used 2245K, capacity 2394K, committed 2432K, reserved 1048576K
Event: 4.984 GC heap after
Heap after GC invocations=6 (full 0):
 PSYoungGen      total 146944K, used 20970K [0x00000000d6100000, 0x00000000e1400000, 0x0000000100000000)
  eden space 125952K, 0% used [0x00000000d6100000,0x00000000d6100000,0x00000000ddc00000)
  from space 20992K, 99% used [0x00000000df580000,0x00000000e09fab38,0x00000000e0a00000)
  to   space 26112K, 0% used [0x00000000ddc00000,0x00000000ddc00000,0x00000000df580000)
 ParOldGen       total 86016K, used 34432K [0x0000000082200000, 0x0000000087600000, 0x00000000d6100000)
  object space 86016K, 40% used [0x0000000082200000,0x00000000843a0080,0x0000000087600000)
 Metaspace       used 19216K, capacity 19776K, committed 19840K, reserved 1067008K
  class space    used 2245K, capacity 2394K, committed 2432K, reserved 1048576K
}
Event: 5.678 GC heap before
{Heap before GC invocations=7 (full 0):
 PSYoungGen      total 146944K, used 64792K [0x00000000d6100000, 0x00000000e1400000, 0x0000000100000000)
  eden space 125952K, 34% used [0x00000000d6100000,0x00000000d8bcb5e0,0x00000000ddc00000)
  from space 20992K, 99% used [0x00000000df580000,0x00000000e09fab38,0x00000000e0a00000)
  to   space 26112K, 0% used [0x00000000ddc00000,0x00000000ddc00000,0x00000000df580000)
 ParOldGen       total 86016K, used 34432K [0x0000000082200000, 0x0000000087600000, 0x00000000d6100000)
  object space 86016K, 40% used [0x0000000082200000,0x00000000843a0080,0x0000000087600000)
 Metaspace       used 20613K, capacity 21156K, committed 21296K, reserved 1069056K
  class space    used 2447K, capacity 2622K, committed 2688K, reserved 1048576K
Event: 5.709 GC heap after
Heap after GC invocations=7 (full 0):
 PSYoungGen      total 152064K, used 12021K [0x00000000d6100000, 0x00000000e8700000, 0x0000000100000000)
  eden space 125952K, 0% used [0x00000000d6100000,0x00000000d6100000,0x00000000ddc00000)
  from space 26112K, 46% used [0x00000000ddc00000,0x00000000de7bd408,0x00000000df580000)
  to   space 24576K, 0% used [0x00000000e6f00000,0x00000000e6f00000,0x00000000e8700000)
 ParOldGen       total 86016K, used 37309K [0x0000000082200000, 0x0000000087600000, 0x00000000d6100000)
  object space 86016K, 43% used [0x0000000082200000,0x000000008466f5b0,0x0000000087600000)
 Metaspace       used 20613K, capacity 21156K, committed 21296K, reserved 1069056K
  class space    used 2447K, capacity 2622K, committed 2688K, reserved 1048576K
}
Event: 5.709 GC heap before
{Heap before GC invocations=8 (full 1):
 PSYoungGen      total 152064K, used 12021K [0x00000000d6100000, 0x00000000e8700000, 0x0000000100000000)
  eden space 125952K, 0% used [0x00000000d6100000,0x00000000d6100000,0x00000000ddc00000)
  from space 26112K, 46% used [0x00000000ddc00000,0x00000000de7bd408,0x00000000df580000)
  to   space 24576K, 0% used [0x00000000e6f00000,0x00000000e6f00000,0x00000000e8700000)
 ParOldGen       total 86016K, used 37309K [0x0000000082200000, 0x0000000087600000, 0x00000000d6100000)
  object space 86016K, 43% used [0x0000000082200000,0x000000008466f5b0,0x0000000087600000)
 Metaspace       used 20613K, capacity 21156K, committed 21296K, reserved 1069056K
  class space    used 2447K, capacity 2622K, committed 2688K, reserved 1048576K
Event: 5.870 GC heap after
Heap after GC invocations=8 (full 1):
 PSYoungGen      total 152064K, used 0K [0x00000000d6100000, 0x00000000e8700000, 0x0000000100000000)
  eden space 125952K, 0% used [0x00000000d6100000,0x00000000d6100000,0x00000000ddc00000)
  from space 26112K, 0% used [0x00000000ddc00000,0x00000000ddc00000,0x00000000df580000)
  to   space 24576K, 0% used [0x00000000e6f00000,0x00000000e6f00000,0x00000000e8700000)
 ParOldGen       total 98816K, used 38458K [0x0000000082200000, 0x0000000088280000, 0x00000000d6100000)
  object space 98816K, 38% used [0x0000000082200000,0x000000008478e8c8,0x0000000088280000)
 Metaspace       used 20613K, capacity 21156K, committed 21296K, reserved 1069056K
  class space    used 2447K, capacity 2622K, committed 2688K, reserved 1048576K
}
Event: 14.406 GC heap before
{Heap before GC invocations=9 (full 1):
 PSYoungGen      total 152064K, used 125952K [0x00000000d6100000, 0x00000000e8700000, 0x0000000100000000)
  eden space 125952K, 100% used [0x00000000d6100000,0x00000000ddc00000,0x00000000ddc00000)
  from space 26112K, 0% used [0x00000000ddc00000,0x00000000ddc00000,0x00000000df580000)
  to   space 24576K, 0% used [0x00000000e6f00000,0x00000000e6f00000,0x00000000e8700000)
 ParOldGen       total 98816K, used 38464K [0x0000000082200000, 0x0000000088280000, 0x00000000d6100000)
  object space 98816K, 38% used [0x0000000082200000,0x0000000084790218,0x0000000088280000)
 Metaspace       used 29584K, capacity 30472K, committed 30592K, reserved 1075200K
  class space    used 3625K, capacity 3882K, committed 3968K, reserved 1048576K
Event: 14.447 GC heap after
Heap after GC invocations=9 (full 1):
 PSYoungGen      total 213504K, used 17596K [0x00000000d6100000, 0x00000000e8080000, 0x0000000100000000)
  eden space 195584K, 0% used [0x00000000d6100000,0x00000000d6100000,0x00000000e2000000)
  from space 17920K, 98% used [0x00000000e6f00000,0x00000000e802f018,0x00000000e8080000)
  to   space 25088K, 0% used [0x00000000e4f80000,0x00000000e4f80000,0x00000000e6800000)
 ParOldGen       total 98816K, used 38472K [0x0000000082200000, 0x0000000088280000, 0x00000000d6100000)
  object space 98816K, 38% used [0x0000000082200000,0x0000000084792218,0x0000000088280000)
 Metaspace       used 29584K, capacity 30472K, committed 30592K, reserved 1075200K
  class space    used 3625K, capacity 3882K, committed 3968K, reserved 1048576K
}

