# JRE version: Java(TM) SE Runtime Environment (8.0_131-b11) (build 1.8.0_131-b11)
# Java VM: Java HotSpot(TM) 64-Bit Server VM (25.131-b11 mixed mode windows-amd64 compressed oops)
Heap:
 PSYoungGen      total 101888K, used 12146K [0x00000000eab00000, 0x00000000f4280000, 0x0000000100000000)
  eden space 92160K, 13% used [0x00000000eab00000,0x00000000eb6dc8d8,0x00000000f0500000)
  from space 9728K, 0% used [0x00000000f0500000,0x00000000f0500000,0x00000000f0e80000)
  to   space 11264K, 0% used [0x00000000f3780000,0x00000000f3780000,0x00000000f4280000)
 ParOldGen       total 64000K, used 17056K [0x00000000c0000000, 0x00000000c3e80000, 0x00000000eab00000)
  object space 64000K, 26% used [0x00000000c0000000,0x00000000c10a8398,0x00000000c3e80000)
 Metaspace       used 35315K, capacity 35800K, committed 36144K, reserved 1081344K
  class space    used 4987K, capacity 5152K, committed 5168K, reserved 1048576K
GC Heap History (10 events):
Event: 4.155 GC heap before
{Heap before GC invocations=5 (full 1):
 PSYoungGen      total 70656K, used 5104K [0x00000000eab00000, 0x00000000ef500000, 0x0000000100000000)
  eden space 65536K, 0% used [0x00000000eab00000,0x00000000eab00000,0x00000000eeb00000)
  from space 5120K, 99% used [0x00000000ef000000,0x00000000ef4fc040,0x00000000ef500000)
  to   space 5120K, 0% used [0x00000000eeb00000,0x00000000eeb00000,0x00000000ef000000)
 ParOldGen       total 86016K, used 7895K [0x00000000c0000000, 0x00000000c5400000, 0x00000000eab00000)
  object space 86016K, 9% used [0x00000000c0000000,0x00000000c07b5e98,0x00000000c5400000)
 Metaspace       used 20842K, capacity 21202K, committed 21296K, reserved 1067008K
  class space    used 2935K, capacity 3078K, committed 3120K, reserved 1048576K
Event: 4.233 GC heap after
Heap after GC invocations=5 (full 1):
 PSYoungGen      total 70656K, used 0K [0x00000000eab00000, 0x00000000ef500000, 0x0000000100000000)
  eden space 65536K, 0% used [0x00000000eab00000,0x00000000eab00000,0x00000000eeb00000)
  from space 5120K, 0% used [0x00000000ef000000,0x00000000ef000000,0x00000000ef500000)
  to   space 5120K, 0% used [0x00000000eeb00000,0x00000000eeb00000,0x00000000ef000000)
 ParOldGen       total 64000K, used 8280K [0x00000000c0000000, 0x00000000c3e80000, 0x00000000eab00000)
  object space 64000K, 12% used [0x00000000c0000000,0x00000000c0816308,0x00000000c3e80000)
 Metaspace       used 20842K, capacity 21202K, committed 21296K, reserved 1067008K
  class space    used 2935K, capacity 3078K, committed 3120K, reserved 1048576K
}
Event: 6.699 GC heap before
{Heap before GC invocations=6 (full 1):
 PSYoungGen      total 70656K, used 65536K [0x00000000eab00000, 0x00000000ef500000, 0x0000000100000000)
  eden space 65536K, 100% used [0x00000000eab00000,0x00000000eeb00000,0x00000000eeb00000)
  from space 5120K, 0% used [0x00000000ef000000,0x00000000ef000000,0x00000000ef500000)
  to   space 5120K, 0% used [0x00000000eeb00000,0x00000000eeb00000,0x00000000ef000000)
 ParOldGen       total 64000K, used 8280K [0x00000000c0000000, 0x00000000c3e80000, 0x00000000eab00000)
  object space 64000K, 12% used [0x00000000c0000000,0x00000000c0816308,0x00000000c3e80000)
 Metaspace       used 27629K, capacity 28038K, committed 28208K, reserved 1073152K
  class space    used 3908K, capacity 4050K, committed 4144K, reserved 1048576K
Event: 6.724 GC heap after
Heap after GC invocations=6 (full 1):
 PSYoungGen      total 70656K, used 5110K [0x00000000eab00000, 0x00000000f1a80000, 0x0000000100000000)
  eden space 65536K, 0% used [0x00000000eab00000,0x00000000eab00000,0x00000000eeb00000)
  from space 5120K, 99% used [0x00000000eeb00000,0x00000000eeffd820,0x00000000ef000000)
  to   space 9728K, 0% used [0x00000000f1100000,0x00000000f1100000,0x00000000f1a80000)
 ParOldGen       total 64000K, used 9673K [0x00000000c0000000, 0x00000000c3e80000, 0x00000000eab00000)
  object space 64000K, 15% used [0x00000000c0000000,0x00000000c0972630,0x00000000c3e80000)
 Metaspace       used 27629K, capacity 28038K, committed 28208K, reserved 1073152K
  class space    used 3908K, capacity 4050K, committed 4144K, reserved 1048576K
}
Event: 9.125 GC heap before
{Heap before GC invocations=7 (full 1):
 PSYoungGen      total 70656K, used 70646K [0x00000000eab00000, 0x00000000f1a80000, 0x0000000100000000)
  eden space 65536K, 100% used [0x00000000eab00000,0x00000000eeb00000,0x00000000eeb00000)
  from space 5120K, 99% used [0x00000000eeb00000,0x00000000eeffd820,0x00000000ef000000)
  to   space 9728K, 0% used [0x00000000f1100000,0x00000000f1100000,0x00000000f1a80000)
 ParOldGen       total 64000K, used 9673K [0x00000000c0000000, 0x00000000c3e80000, 0x00000000eab00000)
  object space 64000K, 15% used [0x00000000c0000000,0x00000000c0972630,0x00000000c3e80000)
 Metaspace       used 30455K, capacity 30776K, committed 31152K, reserved 1075200K
  class space    used 4334K, capacity 4447K, committed 4528K, reserved 1048576K
Event: 9.142 GC heap after
Heap after GC invocations=7 (full 1):
 PSYoungGen      total 99328K, used 6266K [0x00000000eab00000, 0x00000000f1800000, 0x0000000100000000)
  eden space 92160K, 0% used [0x00000000eab00000,0x00000000eab00000,0x00000000f0500000)
  from space 7168K, 87% used [0x00000000f1100000,0x00000000f171ea08,0x00000000f1800000)
  to   space 9728K, 0% used [0x00000000f0500000,0x00000000f0500000,0x00000000f0e80000)
 ParOldGen       total 64000K, used 9681K [0x00000000c0000000, 0x00000000c3e80000, 0x00000000eab00000)
  object space 64000K, 15% used [0x00000000c0000000,0x00000000c0974630,0x00000000c3e80000)
 Metaspace       used 30455K, capacity 30776K, committed 31152K, reserved 1075200K
  class space    used 4334K, capacity 4447K, committed 4528K, reserved 1048576K
}
Event: 10.663 GC heap before
{Heap before GC invocations=8 (full 1):
 PSYoungGen      total 99328K, used 50450K [0x00000000eab00000, 0x00000000f1800000, 0x0000000100000000)
  eden space 92160K, 47% used [0x00000000eab00000,0x00000000ed626178,0x00000000f0500000)
  from space 7168K, 87% used [0x00000000f1100000,0x00000000f171ea08,0x00000000f1800000)
  to   space 9728K, 0% used [0x00000000f0500000,0x00000000f0500000,0x00000000f0e80000)
 ParOldGen       total 64000K, used 9681K [0x00000000c0000000, 0x00000000c3e80000, 0x00000000eab00000)
  object space 64000K, 15% used [0x00000000c0000000,0x00000000c0974630,0x00000000c3e80000)
 Metaspace       used 34824K, capacity 35256K, committed 35496K, reserved 1079296K
  class space    used 4898K, capacity 5056K, committed 5168K, reserved 1048576K
Event: 10.695 GC heap after
Heap after GC invocations=8 (full 1):
 PSYoungGen      total 101888K, used 9723K [0x00000000eab00000, 0x00000000f4280000, 0x0000000100000000)
  eden space 92160K, 0% used [0x00000000eab00000,0x00000000eab00000,0x00000000f0500000)
  from space 9728K, 99% used [0x00000000f0500000,0x00000000f0e7eeb8,0x00000000f0e80000)
  to   space 11264K, 0% used [0x00000000f3780000,0x00000000f3780000,0x00000000f4280000)
 ParOldGen       total 64000K, used 10678K [0x00000000c0000000, 0x00000000c3e80000, 0x00000000eab00000)
  object space 64000K, 16% used [0x00000000c0000000,0x00000000c0a6d938,0x00000000c3e80000)
 Metaspace       used 34824K, capacity 35256K, committed 35496K, reserved 1079296K
  class space    used 4898K, capacity 5056K, committed 5168K, reserved 1048576K
}
Event: 10.695 GC heap before
{Heap before GC invocations=9 (full 2):
 PSYoungGen      total 101888K, used 9723K [0x00000000eab00000, 0x00000000f4280000, 0x0000000100000000)
  eden space 92160K, 0% used [0x00000000eab00000,0x00000000eab00000,0x00000000f0500000)
  from space 9728K, 99% used [0x00000000f0500000,0x00000000f0e7eeb8,0x00000000f0e80000)
  to   space 11264K, 0% used [0x00000000f3780000,0x00000000f3780000,0x00000000f4280000)
 ParOldGen       total 64000K, used 10678K [0x00000000c0000000, 0x00000000c3e80000, 0x00000000eab00000)
  object space 64000K, 16% used [0x00000000c0000000,0x00000000c0a6d938,0x00000000c3e80000)
 Metaspace       used 34824K, capacity 35256K, committed 35496K, reserved 1079296K
  class space    used 4898K, capacity 5056K, committed 5168K, reserved 1048576K
Event: 10.862 GC heap after
Heap after GC invocations=9 (full 2):
 PSYoungGen      total 101888K, used 0K [0x00000000eab00000, 0x00000000f4280000, 0x0000000100000000)
  eden space 92160K, 0% used [0x00000000eab00000,0x00000000eab00000,0x00000000f0500000)
  from space 9728K, 0% used [0x00000000f0500000,0x00000000f0500000,0x00000000f0e80000)
  to   space 11264K, 0% used [0x00000000f3780000,0x00000000f3780000,0x00000000f4280000)
 ParOldGen       total 64000K, used 17056K [0x00000000c0000000, 0x00000000c3e80000, 0x00000000eab00000)
  object space 64000K, 26% used [0x00000000c0000000,0x00000000c10a8398,0x00000000c3e80000)
 Metaspace       used 34824K, capacity 35256K, committed 35496K, reserved 1079296K
  class space    used 4898K, capacity 5056K, committed 5168K, reserved 1048576K
}

